{"C:\\studentMgmt\\CoursesManager\\app.js":{"path":"C:\\studentMgmt\\CoursesManager\\app.js","statementMap":{"0":{"start":{"line":3,"column":18},"end":{"line":3,"column":64}},"1":{"start":{"line":5,"column":15},"end":{"line":5,"column":57}},"2":{"start":{"line":7,"column":12},"end":{"line":7,"column":51}},"3":{"start":{"line":9,"column":20},"end":{"line":9,"column":68}},"4":{"start":{"line":11,"column":14},"end":{"line":11,"column":55}},"5":{"start":{"line":13,"column":16},"end":{"line":13,"column":59}},"6":{"start":{"line":15,"column":13},"end":{"line":15,"column":62}},"7":{"start":{"line":17,"column":13},"end":{"line":17,"column":62}},"8":{"start":{"line":19,"column":39},"end":{"line":19,"column":95}},"9":{"start":{"line":28,"column":10},"end":{"line":28,"column":36}},"10":{"start":{"line":30,"column":0},"end":{"line":30,"column":36}},"11":{"start":{"line":31,"column":0},"end":{"line":33,"column":4}},"12":{"start":{"line":34,"column":0},"end":{"line":34,"column":41}},"13":{"start":{"line":35,"column":0},"end":{"line":35,"column":43}},"14":{"start":{"line":36,"column":0},"end":{"line":36,"column":40}},"15":{"start":{"line":37,"column":0},"end":{"line":37,"column":32}},"16":{"start":{"line":38,"column":0},"end":{"line":38,"column":37}},"17":{"start":{"line":39,"column":0},"end":{"line":39,"column":21}}},"fnMap":{"0":{"name":"_interopRequireDefault","decl":{"start":{"line":19,"column":9},"end":{"line":19,"column":31}},"loc":{"start":{"line":19,"column":37},"end":{"line":19,"column":97}},"line":19}},"branchMap":{"0":{"loc":{"start":{"line":19,"column":46},"end":{"line":19,"column":94}},"type":"cond-expr","locations":[{"start":{"line":19,"column":70},"end":{"line":19,"column":73}},{"start":{"line":19,"column":76},"end":{"line":19,"column":94}}],"line":19},"1":{"loc":{"start":{"line":19,"column":46},"end":{"line":19,"column":67}},"type":"binary-expr","locations":[{"start":{"line":19,"column":46},"end":{"line":19,"column":49}},{"start":{"line":19,"column":53},"end":{"line":19,"column":67}}],"line":19}},"s":{"0":1,"1":1,"2":1,"3":1,"4":1,"5":1,"6":1,"7":1,"8":8,"9":1,"10":1,"11":1,"12":1,"13":1,"14":1,"15":1,"16":1,"17":1},"f":{"0":8},"b":{"0":[0,8],"1":[8,8]},"inputSourceMap":{"version":3,"sources":["app.js"],"names":["app","use","express","json","urlencoded","extended","passport","initialize","session","indexRouter","usersRouter","module","exports"],"mappings":";;AASA;;AACA;;AACA;;AACA;;AACA;;AACA;;AAEA;;AACA;;;;AAjBA;AACA;AACA;AACA;AACA;AAEA;AACA;AAYA,IAAMA,GAAG,GAAG,0BAAZ,C,CAEA;;AACAA,GAAG,CAACC,GAAJ,CAAQC,oBAAQC,IAAR,EAAR;AACAH,GAAG,CAACC,GAAJ,CAAQC,oBAAQE,UAAR,CAAmB;AAAEC,EAAAA,QAAQ,EAAE;AAAZ,CAAnB,CAAR;AACAL,GAAG,CAACC,GAAJ,CAAQ,+BAAR;AAEAD,GAAG,CAACC,GAAJ,CAAQK,qBAASC,UAAT,EAAR;AACAP,GAAG,CAACC,GAAJ,CAAQK,qBAASE,OAAT,EAAR;AAEAR,GAAG,CAACC,GAAJ,CAAQ,GAAR,EAAaQ,iBAAb;AACAT,GAAG,CAACC,GAAJ,CAAQ,QAAR,EAAkBS,iBAAlB;AACAC,MAAM,CAACC,OAAP,GAAiBZ,GAAjB","sourceRoot":"C:\\studentMgmt\\CoursesManager\\","sourcesContent":["// import createError from 'http-errors';\r\n// import express from 'express';\r\n// import path from 'path';\r\n// import cookieParser from 'cookie-parser';\r\n// import logger from 'morgan';\r\n\r\n// import indexRouter from './routes/index';\r\n// import usersRouter from './routes/users';\r\n\r\nimport createError from 'http-errors';\r\nimport express from 'express';\r\nimport path from 'path';\r\nimport cookieParser from 'cookie-parser';\r\nimport logger from 'morgan';\r\nimport passport from \"passport\";\r\n\r\nimport indexRouter from './routes/index';\r\nimport usersRouter from './routes/users';\r\n\r\nconst app = express();\r\n\r\n// view engine setup\r\napp.use(express.json());\r\napp.use(express.urlencoded({ extended: false }));\r\napp.use(cookieParser());\r\n\r\napp.use(passport.initialize());\r\napp.use(passport.session());\r\n\r\napp.use('/', indexRouter);\r\napp.use('/users', usersRouter);\r\nmodule.exports = app;\r\n"]},"_coverageSchema":"1a1c01bbd47fc00a2c39e90264f33305004495a9","hash":"eab759bc34199d8fefbd6737d5024f4bcfc29369","contentHash":"a4c1593358927bff3f7bd250f528ed229d460f8b07f73908ebb65f220bcb5885"},"C:\\studentMgmt\\CoursesManager\\routes\\index.js":{"path":"C:\\studentMgmt\\CoursesManager\\routes\\index.js","statementMap":{"0":{"start":{"line":3,"column":15},"end":{"line":3,"column":57}},"1":{"start":{"line":5,"column":19},"end":{"line":5,"column":79}},"2":{"start":{"line":7,"column":22},"end":{"line":7,"column":61}},"3":{"start":{"line":9,"column":39},"end":{"line":9,"column":95}},"4":{"start":{"line":13,"column":13},"end":{"line":13,"column":41}},"5":{"start":{"line":15,"column":26},"end":{"line":15,"column":61}},"6":{"start":{"line":17,"column":24},"end":{"line":17,"column":57}},"7":{"start":{"line":19,"column":23},"end":{"line":19,"column":55}},"8":{"start":{"line":21,"column":25},"end":{"line":21,"column":59}},"9":{"start":{"line":23,"column":29},"end":{"line":23,"column":67}},"10":{"start":{"line":31,"column":0},"end":{"line":35,"column":3}},"11":{"start":{"line":32,"column":2},"end":{"line":34,"column":5}},"12":{"start":{"line":38,"column":0},"end":{"line":38,"column":56}},"13":{"start":{"line":39,"column":0},"end":{"line":39,"column":63}},"14":{"start":{"line":40,"column":0},"end":{"line":40,"column":56}},"15":{"start":{"line":41,"column":0},"end":{"line":41,"column":64}},"16":{"start":{"line":42,"column":0},"end":{"line":42,"column":71}},"17":{"start":{"line":45,"column":0},"end":{"line":45,"column":52}},"18":{"start":{"line":46,"column":0},"end":{"line":46,"column":59}},"19":{"start":{"line":47,"column":0},"end":{"line":47,"column":52}},"20":{"start":{"line":48,"column":0},"end":{"line":48,"column":60}},"21":{"start":{"line":49,"column":0},"end":{"line":49,"column":67}},"22":{"start":{"line":52,"column":0},"end":{"line":52,"column":50}},"23":{"start":{"line":53,"column":0},"end":{"line":53,"column":57}},"24":{"start":{"line":54,"column":0},"end":{"line":54,"column":107}},"25":{"start":{"line":56,"column":0},"end":{"line":56,"column":83}},"26":{"start":{"line":57,"column":0},"end":{"line":57,"column":90}},"27":{"start":{"line":60,"column":0},"end":{"line":60,"column":54}},"28":{"start":{"line":61,"column":0},"end":{"line":61,"column":61}},"29":{"start":{"line":62,"column":0},"end":{"line":62,"column":54}},"30":{"start":{"line":63,"column":0},"end":{"line":63,"column":62}},"31":{"start":{"line":64,"column":0},"end":{"line":64,"column":69}},"32":{"start":{"line":67,"column":0},"end":{"line":67,"column":68}},"33":{"start":{"line":68,"column":0},"end":{"line":68,"column":74}},"34":{"start":{"line":69,"column":0},"end":{"line":69,"column":69}},"35":{"start":{"line":75,"column":0},"end":{"line":75,"column":24}}},"fnMap":{"0":{"name":"_interopRequireDefault","decl":{"start":{"line":9,"column":9},"end":{"line":9,"column":31}},"loc":{"start":{"line":9,"column":37},"end":{"line":9,"column":97}},"line":9},"1":{"name":"(anonymous_1)","decl":{"start":{"line":31,"column":16},"end":{"line":31,"column":17}},"loc":{"start":{"line":31,"column":42},"end":{"line":35,"column":1}},"line":31}},"branchMap":{"0":{"loc":{"start":{"line":9,"column":46},"end":{"line":9,"column":94}},"type":"cond-expr","locations":[{"start":{"line":9,"column":70},"end":{"line":9,"column":73}},{"start":{"line":9,"column":76},"end":{"line":9,"column":94}}],"line":9},"1":{"loc":{"start":{"line":9,"column":46},"end":{"line":9,"column":67}},"type":"binary-expr","locations":[{"start":{"line":9,"column":46},"end":{"line":9,"column":49}},{"start":{"line":9,"column":53},"end":{"line":9,"column":67}}],"line":9}},"s":{"0":1,"1":1,"2":1,"3":2,"4":1,"5":1,"6":1,"7":1,"8":1,"9":1,"10":1,"11":0,"12":1,"13":1,"14":1,"15":1,"16":1,"17":1,"18":1,"19":1,"20":1,"21":1,"22":1,"23":1,"24":1,"25":1,"26":1,"27":1,"28":1,"29":1,"30":1,"31":1,"32":1,"33":1,"34":1,"35":1},"f":{"0":2,"1":0},"b":{"0":[1,1],"1":[2,2]},"inputSourceMap":{"version":3,"sources":["index.js"],"names":["router","express","Router","classroomController","require","classroom","studentController","student","courseController","course","Lecturercontroller","lecturer","studentEnlorController","studentEnrol","get","req","res","next","render","title","list","getById","post","add","patch","update","verifyToken","courseValidate","enrolCourse","enroledStudent","listOfEnroled","module","exports"],"mappings":";;AAEA;;AAOA;;AACA;;;;AAVA;AACA;AAEA,IAAIA,MAAM,GAAGC,oBAAQC,MAAR,EAAb;;AACA,IAAMC,mBAAmB,GAAGC,OAAO,CAAC,gBAAD,CAAP,CAA0BC,SAAtD;;AACA,IAAMC,iBAAiB,GAAGF,OAAO,CAAC,gBAAD,CAAP,CAA0BG,OAApD;;AACA,IAAMC,gBAAgB,GAAGJ,OAAO,CAAC,gBAAD,CAAP,CAA0BK,MAAnD;;AACA,IAAMC,kBAAkB,GAAGN,OAAO,CAAC,gBAAD,CAAP,CAA0BO,QAArD;;AACA,IAAMC,sBAAsB,GAAGR,OAAO,CAAC,gBAAD,CAAP,CAA0BS,YAAzD;;AAMA;AACA;AACA;AACA;;AAEA;AACAb,MAAM,CAACc,GAAP,CAAW,GAAX,EAAgB,UAASC,GAAT,EAAcC,GAAd,EAAmBC,IAAnB,EAAyB;AACrCD,EAAAA,GAAG,CAACE,MAAJ,CAAW,OAAX,EAAoB;AAAEC,IAAAA,KAAK,EAAE;AAAT,GAApB;AACH,CAFD;AAGA;;AACAnB,MAAM,CAACc,GAAP,CAAW,iBAAX,EAA8BX,mBAAmB,CAACiB,IAAlD;AACApB,MAAM,CAACc,GAAP,CAAW,qBAAX,EAAkCX,mBAAmB,CAACkB,OAAtD;AACArB,MAAM,CAACsB,IAAP,CAAY,iBAAZ,EAA+BnB,mBAAmB,CAACoB,GAAnD;AACAvB,MAAM,CAACwB,KAAP,CAAa,qBAAb,EAAoCrB,mBAAmB,CAACsB,MAAxD;AACAzB,MAAM,UAAN,CAAc,qBAAd,EAAqCG,mBAAmB,UAAxD;AACA;;AACAH,MAAM,CAACc,GAAP,CAAW,eAAX,EAA4BR,iBAAiB,CAACc,IAA9C;AACApB,MAAM,CAACc,GAAP,CAAW,mBAAX,EAAgCR,iBAAiB,CAACe,OAAlD;AACArB,MAAM,CAACsB,IAAP,CAAY,eAAZ,EAA6BhB,iBAAiB,CAACiB,GAA/C;AACAvB,MAAM,CAACwB,KAAP,CAAa,mBAAb,EAAkClB,iBAAiB,CAACmB,MAApD;AACAzB,MAAM,UAAN,CAAc,mBAAd,EAAmCM,iBAAiB,UAApD;AAEA;;AACAN,MAAM,CAACc,GAAP,CAAW,cAAX,EAA2BN,gBAAgB,CAACY,IAA5C;AACApB,MAAM,CAACc,GAAP,CAAW,kBAAX,EAA+BN,gBAAgB,CAACa,OAAhD;AACArB,MAAM,CAACsB,IAAP,CAAY,cAAZ,EAA4BI,uBAA5B,EAAyCC,8BAAzC,EAAyDnB,gBAAgB,CAACe,GAA1E,E,CACA;;AACAvB,MAAM,CAACwB,KAAP,CAAa,kBAAb,EAAiCE,uBAAjC,EAA8ClB,gBAAgB,CAACiB,MAA/D;AACAzB,MAAM,UAAN,CAAc,kBAAd,EAAkC0B,uBAAlC,EAA+ClB,gBAAgB,UAA/D;AAEA;;AACAR,MAAM,CAACc,GAAP,CAAW,gBAAX,EAA6BJ,kBAAkB,CAACU,IAAhD;AACApB,MAAM,CAACc,GAAP,CAAW,oBAAX,EAAiCJ,kBAAkB,CAACW,OAApD;AACArB,MAAM,CAACsB,IAAP,CAAY,gBAAZ,EAA8BZ,kBAAkB,CAACa,GAAjD;AACAvB,MAAM,CAACwB,KAAP,CAAa,oBAAb,EAAmCd,kBAAkB,CAACe,MAAtD;AACAzB,MAAM,UAAN,CAAc,oBAAd,EAAoCU,kBAAkB,UAAtD,E,CAEA;AACA;;AACAV,MAAM,CAACsB,IAAP,CAAY,kBAAZ,EAAgCV,sBAAsB,CAACgB,WAAvD;AACA5B,MAAM,CAACc,GAAP,CAAW,sBAAX,EAAmCF,sBAAsB,CAACiB,cAA1D;AACA7B,MAAM,CAACc,GAAP,CAAW,kBAAX,EAA+BF,sBAAsB,CAACkB,aAAtD;AAEA;AACA;AACA;AACA;;AACAC,MAAM,CAACC,OAAP,GAAiBhC,MAAjB","sourceRoot":"C:\\studentMgmt\\CoursesManager\\routes\\","sourcesContent":["// import Validate from '../middleware/courseValidate';\r\n// import express from 'express';\r\nimport express from 'express';\r\nvar router = express.Router();\r\nconst classroomController = require('../controllers').classroom;\r\nconst studentController = require('../controllers').student;\r\nconst courseController = require('../controllers').course;\r\nconst Lecturercontroller = require('../controllers').lecturer;\r\nconst studentEnlorController = require('../controllers').studentEnrol;\r\nimport verifyToken from '../middleware/varifyToken';\r\nimport { courseValidate } from '../middleware/courseValidate';\r\n\r\n\r\n\r\n// import classroomController from '../controllers/classroom';\r\n// import studentController from '../controllers/student';\r\n// import courseController from '../controllers/course';\r\n// import Lecturercontroller from '../controllers/lecturer';\r\n\r\n/* GET home page. */\r\nrouter.get('/', function(req, res, next) {\r\n    res.render('index', { title: 'Express' });\r\n});\r\n/*classroom Router*/\r\nrouter.get('/api/classrooms', classroomController.list);\r\nrouter.get('/api/classrooms/:id', classroomController.getById);\r\nrouter.post('/api/classrooms', classroomController.add);\r\nrouter.patch('/api/classrooms/:id', classroomController.update);\r\nrouter.delete('/api/classrooms/:id', classroomController.delete);\r\n/*student Router*/\r\nrouter.get('/api/students', studentController.list);\r\nrouter.get('/api/students/:id', studentController.getById);\r\nrouter.post('/api/students', studentController.add);\r\nrouter.patch('/api/students/:id', studentController.update);\r\nrouter.delete('/api/students/:id', studentController.delete);\r\n\r\n/*course Router*/\r\nrouter.get('/api/courses', courseController.list);\r\nrouter.get('/api/courses/:id', courseController.getById);\r\nrouter.post('/api/courses', verifyToken, courseValidate, courseController.add);\r\n//router.post('/api/courses', courseValidate, courseController.add);\r\nrouter.patch('/api/courses/:id', verifyToken, courseController.update);\r\nrouter.delete('/api/courses/:id', verifyToken, courseController.delete);\r\n\r\n/*Lecturer Router*/\r\nrouter.get('/api/lecturers', Lecturercontroller.list);\r\nrouter.get('/api/lecturers/:id', Lecturercontroller.getById);\r\nrouter.post('/api/lecturers', Lecturercontroller.add);\r\nrouter.patch('/api/lecturers/:id', Lecturercontroller.update);\r\nrouter.delete('/api/lecturers/:id', Lecturercontroller.delete);\r\n\r\n//student Enrol\r\n//router.post('/api/lecturers', studentEnrolcontroller);\r\nrouter.post('/api/courseEnrol', studentEnlorController.enrolCourse);\r\nrouter.get('/api/courseEnrol/:id', studentEnlorController.enroledStudent);\r\nrouter.get('/api/courseEnrol', studentEnlorController.listOfEnroled);\r\n\r\n/*advanced rootes*/\r\n// router.post('/api/classrooms/add_with_students', classroomController.addWithStudents);\r\n// router.post('/api/lecturer/add_with_course', Lecturercontroller.addWithCourse);\r\n// router.post('/api/student/add_course', studentController.addWithCourse);\r\nmodule.exports = router;"]},"_coverageSchema":"1a1c01bbd47fc00a2c39e90264f33305004495a9","hash":"580f45f5f5052d8a6731fbb9d37759f2271eab03","contentHash":"2bd003ad02b96832a4d35bb5a9eeaa1e877c32412dd619b86c137115bab52487"},"C:\\studentMgmt\\CoursesManager\\middleware\\varifyToken.js":{"path":"C:\\studentMgmt\\CoursesManager\\middleware\\varifyToken.js","statementMap":{"0":{"start":{"line":3,"column":0},"end":{"line":5,"column":3}},"1":{"start":{"line":6,"column":0},"end":{"line":6,"column":28}},"2":{"start":{"line":8,"column":20},"end":{"line":8,"column":67}},"3":{"start":{"line":10,"column":14},"end":{"line":10,"column":55}},"4":{"start":{"line":12,"column":39},"end":{"line":12,"column":95}},"5":{"start":{"line":14,"column":0},"end":{"line":14,"column":28}},"6":{"start":{"line":16,"column":18},"end":{"line":34,"column":1}},"7":{"start":{"line":17,"column":2},"end":{"line":33,"column":3}},"8":{"start":{"line":18,"column":16},"end":{"line":18,"column":42}},"9":{"start":{"line":19,"column":4},"end":{"line":22,"column":7}},"10":{"start":{"line":19,"column":16},"end":{"line":22,"column":7}},"11":{"start":{"line":24,"column":25},"end":{"line":24,"column":87}},"12":{"start":{"line":26,"column":4},"end":{"line":26,"column":40}},"13":{"start":{"line":27,"column":4},"end":{"line":27,"column":11}},"14":{"start":{"line":29,"column":4},"end":{"line":32,"column":7}},"15":{"start":{"line":36,"column":15},"end":{"line":36,"column":26}},"16":{"start":{"line":37,"column":0},"end":{"line":37,"column":30}}},"fnMap":{"0":{"name":"_interopRequireDefault","decl":{"start":{"line":12,"column":9},"end":{"line":12,"column":31}},"loc":{"start":{"line":12,"column":37},"end":{"line":12,"column":97}},"line":12},"1":{"name":"verifyToken","decl":{"start":{"line":16,"column":27},"end":{"line":16,"column":38}},"loc":{"start":{"line":16,"column":55},"end":{"line":34,"column":1}},"line":16}},"branchMap":{"0":{"loc":{"start":{"line":12,"column":46},"end":{"line":12,"column":94}},"type":"cond-expr","locations":[{"start":{"line":12,"column":70},"end":{"line":12,"column":73}},{"start":{"line":12,"column":76},"end":{"line":12,"column":94}}],"line":12},"1":{"loc":{"start":{"line":12,"column":46},"end":{"line":12,"column":67}},"type":"binary-expr","locations":[{"start":{"line":12,"column":46},"end":{"line":12,"column":49}},{"start":{"line":12,"column":53},"end":{"line":12,"column":67}}],"line":12},"2":{"loc":{"start":{"line":19,"column":4},"end":{"line":22,"column":7}},"type":"if","locations":[{"start":{"line":19,"column":4},"end":{"line":22,"column":7}},{"start":{"line":19,"column":4},"end":{"line":22,"column":7}}],"line":19}},"s":{"0":1,"1":1,"2":1,"3":1,"4":2,"5":1,"6":1,"7":3,"8":3,"9":3,"10":1,"11":2,"12":2,"13":2,"14":0,"15":1,"16":1},"f":{"0":2,"1":3},"b":{"0":[0,2],"1":[2,2],"2":[1,2]},"inputSourceMap":{"version":3,"sources":["varifyToken.js"],"names":["dotenv","config","verifyToken","req","res","next","token","header","status","send","Error","authorizedUser","jwt","verify","process","env","SECRET_KEY","error"],"mappings":";;;;;;;AAAA;;AACA;;;;AAEAA,mBAAOC,MAAP;;AAEA,IAAMC,WAAW,GAAG,SAAdA,WAAc,CAACC,GAAD,EAAMC,GAAN,EAAWC,IAAX,EAAoB;AACpC,MAAI;AACA,QAAMC,KAAK,GAAGH,GAAG,CAACI,MAAJ,CAAW,cAAX,CAAd;AACA,QAAI,CAACD,KAAL,EAAY,OAAOF,GAAG,CAACI,MAAJ,CAAW,GAAX,EAAgBC,IAAhB,CAAqB;AAAED,MAAAA,MAAM,EAAE,GAAV;AAAeE,MAAAA,KAAK,EAAE;AAAtB,KAArB,CAAP;;AACZ,QAAMC,cAAc,GAAGC,yBAAIC,MAAJ,CAAWP,KAAX,EAAkBQ,OAAO,CAACC,GAAR,CAAYC,UAA9B,CAAvB;;AACAb,IAAAA,GAAG,CAACQ,cAAJ,GAAqBA,cAArB;AACAN,IAAAA,IAAI;AACP,GAND,CAME,OAAOY,KAAP,EAAc;AACZ,WAAOb,GAAG,CAACI,MAAJ,CAAW,GAAX,EAAgBC,IAAhB,CAAqB;AAAED,MAAAA,MAAM,EAAE,GAAV;AAAeE,MAAAA,KAAK,EAAE;AAAtB,KAArB,CAAP;AACH;AACJ,CAVD;;eAYeR,W","sourceRoot":"C:\\studentMgmt\\CoursesManager\\middleware\\","sourcesContent":["import jwt from \"jsonwebtoken\";\r\nimport dotenv from \"dotenv\";\r\n\r\ndotenv.config();\r\n\r\nconst verifyToken = (req, res, next) => {\r\n    try {\r\n        const token = req.header('x-auth-token');\r\n        if (!token) return res.status(401).send({ status: 401, Error: \"unauthorized access\" });\r\n        const authorizedUser = jwt.verify(token, process.env.SECRET_KEY);\r\n        req.authorizedUser = authorizedUser;\r\n        next();\r\n    } catch (error) {\r\n        return res.status(403).send({ status: 403, Error: \"Token invalid or expired\" });\r\n    }\r\n}\r\n\r\nexport default verifyToken;\r\n"]},"_coverageSchema":"1a1c01bbd47fc00a2c39e90264f33305004495a9","hash":"25ebc6fe33ede62810806bc7d32005b9d42a2662","contentHash":"1590ff95b25a543792e0f9aa9923441421002dc29291542a2cad7c83c2329dd6"},"C:\\studentMgmt\\CoursesManager\\middleware\\courseValidate.js":{"path":"C:\\studentMgmt\\CoursesManager\\middleware\\courseValidate.js","statementMap":{"0":{"start":{"line":3,"column":0},"end":{"line":5,"column":3}},"1":{"start":{"line":6,"column":0},"end":{"line":6,"column":40}},"2":{"start":{"line":8,"column":11},"end":{"line":8,"column":49}},"3":{"start":{"line":10,"column":39},"end":{"line":10,"column":95}},"4":{"start":{"line":13,"column":24},"end":{"line":18,"column":4}},"5":{"start":{"line":20,"column":15},"end":{"line":20,"column":49}},"6":{"start":{"line":21,"column":2},"end":{"line":23,"column":5}},"7":{"start":{"line":21,"column":20},"end":{"line":23,"column":5}},"8":{"start":{"line":24,"column":2},"end":{"line":24,"column":9}}},"fnMap":{"0":{"name":"_interopRequireDefault","decl":{"start":{"line":10,"column":9},"end":{"line":10,"column":31}},"loc":{"start":{"line":10,"column":37},"end":{"line":10,"column":97}},"line":10},"1":{"name":"courseValidate","decl":{"start":{"line":12,"column":9},"end":{"line":12,"column":23}},"loc":{"start":{"line":12,"column":40},"end":{"line":25,"column":1}},"line":12}},"branchMap":{"0":{"loc":{"start":{"line":10,"column":46},"end":{"line":10,"column":94}},"type":"cond-expr","locations":[{"start":{"line":10,"column":70},"end":{"line":10,"column":73}},{"start":{"line":10,"column":76},"end":{"line":10,"column":94}}],"line":10},"1":{"loc":{"start":{"line":10,"column":46},"end":{"line":10,"column":67}},"type":"binary-expr","locations":[{"start":{"line":10,"column":46},"end":{"line":10,"column":49}},{"start":{"line":10,"column":53},"end":{"line":10,"column":67}}],"line":10},"2":{"loc":{"start":{"line":21,"column":2},"end":{"line":23,"column":5}},"type":"if","locations":[{"start":{"line":21,"column":2},"end":{"line":23,"column":5}},{"start":{"line":21,"column":2},"end":{"line":23,"column":5}}],"line":21}},"s":{"0":1,"1":1,"2":1,"3":1,"4":2,"5":2,"6":2,"7":1,"8":1},"f":{"0":1,"1":2},"b":{"0":[0,1],"1":[1,1],"2":[1,1]},"inputSourceMap":{"version":3,"sources":["courseValidate.js"],"names":["courseValidate","req","res","next","courseValiation","Joi","object","name","string","min","required","content","max","genre","lecturerId","result","validate","body","error","status","json","Message","details","message"],"mappings":";;;;;;;AAAA;;;;AAEO,SAASA,cAAT,CAAwBC,GAAxB,EAA6BC,GAA7B,EAAkCC,IAAlC,EAAwC;AAC3C,MAAMC,eAAe,GAAGC,gBAAIC,MAAJ,CAAW;AAC/BC,IAAAA,IAAI,EAAEF,gBAAIG,MAAJ,GAAaC,GAAb,CAAiB,CAAjB,EAAoBC,QAApB,EADyB;AAE/BC,IAAAA,OAAO,EAAEN,gBAAIG,MAAJ,GAAaC,GAAb,CAAiB,EAAjB,EAAqBG,GAArB,CAAyB,KAAzB,EAAgCF,QAAhC,EAFsB;AAG/BG,IAAAA,KAAK,EAAER,gBAAIG,MAAJ,GAAaC,GAAb,CAAiB,EAAjB,EAAqBG,GAArB,CAAyB,EAAzB,EAA6BF,QAA7B,EAHwB;AAI/BI,IAAAA,UAAU,EAAET,gBAAIG,MAAJ;AAJmB,GAAX,CAAxB;;AAOA,MAAMO,MAAM,GAAGX,eAAe,CAACY,QAAhB,CAAyBf,GAAG,CAACgB,IAA7B,CAAf;AACA,MAAIF,MAAM,CAACG,KAAX,EAAkB,OAAOhB,GAAG,CAACiB,MAAJ,CAAW,GAAX,EAAgBC,IAAhB,CAAqB;AAAEC,IAAAA,OAAO,EAAEN,MAAM,CAACG,KAAP,CAAaI,OAAb,CAAqB,CAArB,EAAwBC;AAAnC,GAArB,CAAP;AAClBpB,EAAAA,IAAI;AACP,C,CACD","sourceRoot":"C:\\studentMgmt\\CoursesManager\\middleware\\","sourcesContent":["import Joi from 'joi';\r\n\r\nexport function courseValidate(req, res, next) {\r\n    const courseValiation = Joi.object({\r\n        name: Joi.string().min(4).required(),\r\n        content: Joi.string().min(50).max(10000).required(),\r\n        genre: Joi.string().min(10).max(50).required(),\r\n        lecturerId: Joi.string()\r\n\r\n    });\r\n    const result = courseValiation.validate(req.body);\r\n    if (result.error) return res.status(400).json({ Message: result.error.details[0].message });\r\n    next();\r\n}\r\n// module.exports = courseValidate;"]},"_coverageSchema":"1a1c01bbd47fc00a2c39e90264f33305004495a9","hash":"6bf5d8a9a6158ced4cc30d95a0815a0967a184fc","contentHash":"ea485b2a298220f8affcb0ad6d03fa37d0664b5cf51f2de33040b5e09b0fb4e7"},"C:\\studentMgmt\\CoursesManager\\controllers\\index.js":{"path":"C:\\studentMgmt\\CoursesManager\\controllers\\index.js","statementMap":{"0":{"start":{"line":3,"column":17},"end":{"line":3,"column":63}},"1":{"start":{"line":5,"column":15},"end":{"line":5,"column":59}},"2":{"start":{"line":7,"column":16},"end":{"line":7,"column":61}},"3":{"start":{"line":9,"column":14},"end":{"line":9,"column":57}},"4":{"start":{"line":11,"column":20},"end":{"line":11,"column":69}},"5":{"start":{"line":13,"column":39},"end":{"line":13,"column":95}},"6":{"start":{"line":16,"column":0},"end":{"line":22,"column":2}}},"fnMap":{"0":{"name":"_interopRequireDefault","decl":{"start":{"line":13,"column":9},"end":{"line":13,"column":31}},"loc":{"start":{"line":13,"column":37},"end":{"line":13,"column":97}},"line":13}},"branchMap":{"0":{"loc":{"start":{"line":13,"column":46},"end":{"line":13,"column":94}},"type":"cond-expr","locations":[{"start":{"line":13,"column":70},"end":{"line":13,"column":73}},{"start":{"line":13,"column":76},"end":{"line":13,"column":94}}],"line":13},"1":{"loc":{"start":{"line":13,"column":46},"end":{"line":13,"column":67}},"type":"binary-expr","locations":[{"start":{"line":13,"column":46},"end":{"line":13,"column":49}},{"start":{"line":13,"column":53},"end":{"line":13,"column":67}}],"line":13}},"s":{"0":1,"1":1,"2":1,"3":1,"4":1,"5":5,"6":1},"f":{"0":5},"b":{"0":[0,5],"1":[5,5]},"inputSourceMap":{"version":3,"sources":["index.js"],"names":["module","exports","classroom","student","lecturer","course","studentEnrol"],"mappings":";;AAAA;;AACA;;AACA;;AACA;;AACA;;;;AACA;AAEAA,MAAM,CAACC,OAAP,GAAiB;AACbC,EAAAA,SAAS,EAATA,qBADa;AAEbC,EAAAA,OAAO,EAAPA,mBAFa;AAGbC,EAAAA,QAAQ,EAARA,oBAHa;AAIbC,EAAAA,MAAM,EAANA,kBAJa;AAKbC,EAAAA,YAAY,EAAZA;AALa,CAAjB","sourceRoot":"C:\\studentMgmt\\CoursesManager\\controllers\\","sourcesContent":["import classroom from './classroom';\r\nimport student from './student';\r\nimport lecturer from './lecturer';\r\nimport course from './course';\r\nimport studentEnrol from './studentEnrol';\r\n//const { courseValiation } = require('../middleware/courseValidate');\r\n\r\nmodule.exports = {\r\n    classroom,\r\n    student,\r\n    lecturer,\r\n    course,\r\n    studentEnrol,\r\n};"]},"_coverageSchema":"1a1c01bbd47fc00a2c39e90264f33305004495a9","hash":"ec6d09626e94dafd9d1be22029387f9f8d70ed27","contentHash":"7569a963cc91141678934f6f96dc58d3b89efde544d1d80b6f127a47a3934ac3"},"C:\\studentMgmt\\CoursesManager\\controllers\\classroom.js":{"path":"C:\\studentMgmt\\CoursesManager\\controllers\\classroom.js","statementMap":{"0":{"start":{"line":3,"column":16},"end":{"line":3,"column":46}},"1":{"start":{"line":5,"column":14},"end":{"line":5,"column":42}},"2":{"start":{"line":7,"column":0},"end":{"line":110,"column":2}},"3":{"start":{"line":9,"column":4},"end":{"line":22,"column":7}},"4":{"start":{"line":19,"column":6},"end":{"line":19,"column":45}},"5":{"start":{"line":21,"column":6},"end":{"line":21,"column":34}},"6":{"start":{"line":25,"column":4},"end":{"line":41,"column":7}},"7":{"start":{"line":31,"column":6},"end":{"line":35,"column":7}},"8":{"start":{"line":32,"column":8},"end":{"line":34,"column":11}},"9":{"start":{"line":37,"column":6},"end":{"line":37,"column":45}},"10":{"start":{"line":39,"column":6},"end":{"line":39,"column":25}},"11":{"start":{"line":40,"column":6},"end":{"line":40,"column":34}},"12":{"start":{"line":44,"column":4},"end":{"line":51,"column":7}},"13":{"start":{"line":48,"column":6},"end":{"line":48,"column":45}},"14":{"start":{"line":50,"column":6},"end":{"line":50,"column":41}},"15":{"start":{"line":54,"column":4},"end":{"line":67,"column":7}},"16":{"start":{"line":63,"column":6},"end":{"line":63,"column":45}},"17":{"start":{"line":65,"column":6},"end":{"line":65,"column":25}},"18":{"start":{"line":66,"column":6},"end":{"line":66,"column":34}},"19":{"start":{"line":70,"column":4},"end":{"line":91,"column":7}},"20":{"start":{"line":76,"column":6},"end":{"line":80,"column":7}},"21":{"start":{"line":77,"column":8},"end":{"line":79,"column":11}},"22":{"start":{"line":82,"column":6},"end":{"line":88,"column":9}},"23":{"start":{"line":85,"column":8},"end":{"line":85,"column":47}},"24":{"start":{"line":87,"column":8},"end":{"line":87,"column":43}},"25":{"start":{"line":90,"column":6},"end":{"line":90,"column":41}},"26":{"start":{"line":94,"column":4},"end":{"line":108,"column":7}},"27":{"start":{"line":95,"column":6},"end":{"line":99,"column":7}},"28":{"start":{"line":96,"column":8},"end":{"line":98,"column":11}},"29":{"start":{"line":101,"column":6},"end":{"line":105,"column":9}},"30":{"start":{"line":102,"column":8},"end":{"line":102,"column":38}},"31":{"start":{"line":104,"column":8},"end":{"line":104,"column":43}},"32":{"start":{"line":107,"column":6},"end":{"line":107,"column":41}}},"fnMap":{"0":{"name":"list","decl":{"start":{"line":8,"column":17},"end":{"line":8,"column":21}},"loc":{"start":{"line":8,"column":32},"end":{"line":23,"column":3}},"line":8},"1":{"name":"(anonymous_1)","decl":{"start":{"line":18,"column":12},"end":{"line":18,"column":13}},"loc":{"start":{"line":18,"column":33},"end":{"line":20,"column":5}},"line":18},"2":{"name":"(anonymous_2)","decl":{"start":{"line":20,"column":16},"end":{"line":20,"column":17}},"loc":{"start":{"line":20,"column":33},"end":{"line":22,"column":5}},"line":20},"3":{"name":"getById","decl":{"start":{"line":24,"column":20},"end":{"line":24,"column":27}},"loc":{"start":{"line":24,"column":38},"end":{"line":42,"column":3}},"line":24},"4":{"name":"(anonymous_4)","decl":{"start":{"line":30,"column":12},"end":{"line":30,"column":13}},"loc":{"start":{"line":30,"column":33},"end":{"line":38,"column":5}},"line":30},"5":{"name":"(anonymous_5)","decl":{"start":{"line":38,"column":16},"end":{"line":38,"column":17}},"loc":{"start":{"line":38,"column":33},"end":{"line":41,"column":5}},"line":38},"6":{"name":"add","decl":{"start":{"line":43,"column":16},"end":{"line":43,"column":19}},"loc":{"start":{"line":43,"column":30},"end":{"line":52,"column":3}},"line":43},"7":{"name":"(anonymous_7)","decl":{"start":{"line":47,"column":12},"end":{"line":47,"column":13}},"loc":{"start":{"line":47,"column":33},"end":{"line":49,"column":5}},"line":47},"8":{"name":"(anonymous_8)","decl":{"start":{"line":49,"column":16},"end":{"line":49,"column":17}},"loc":{"start":{"line":49,"column":33},"end":{"line":51,"column":5}},"line":49},"9":{"name":"addWithStudents","decl":{"start":{"line":53,"column":28},"end":{"line":53,"column":43}},"loc":{"start":{"line":53,"column":54},"end":{"line":68,"column":3}},"line":53},"10":{"name":"(anonymous_10)","decl":{"start":{"line":62,"column":12},"end":{"line":62,"column":13}},"loc":{"start":{"line":62,"column":33},"end":{"line":64,"column":5}},"line":62},"11":{"name":"(anonymous_11)","decl":{"start":{"line":64,"column":16},"end":{"line":64,"column":17}},"loc":{"start":{"line":64,"column":33},"end":{"line":67,"column":5}},"line":64},"12":{"name":"update","decl":{"start":{"line":69,"column":19},"end":{"line":69,"column":25}},"loc":{"start":{"line":69,"column":36},"end":{"line":92,"column":3}},"line":69},"13":{"name":"(anonymous_13)","decl":{"start":{"line":75,"column":12},"end":{"line":75,"column":13}},"loc":{"start":{"line":75,"column":33},"end":{"line":89,"column":5}},"line":75},"14":{"name":"(anonymous_14)","decl":{"start":{"line":84,"column":14},"end":{"line":84,"column":15}},"loc":{"start":{"line":84,"column":26},"end":{"line":86,"column":7}},"line":84},"15":{"name":"(anonymous_15)","decl":{"start":{"line":86,"column":18},"end":{"line":86,"column":19}},"loc":{"start":{"line":86,"column":35},"end":{"line":88,"column":7}},"line":86},"16":{"name":"(anonymous_16)","decl":{"start":{"line":89,"column":16},"end":{"line":89,"column":17}},"loc":{"start":{"line":89,"column":33},"end":{"line":91,"column":5}},"line":89},"17":{"name":"_delete","decl":{"start":{"line":93,"column":21},"end":{"line":93,"column":28}},"loc":{"start":{"line":93,"column":39},"end":{"line":109,"column":3}},"line":93},"18":{"name":"(anonymous_18)","decl":{"start":{"line":94,"column":50},"end":{"line":94,"column":51}},"loc":{"start":{"line":94,"column":71},"end":{"line":106,"column":5}},"line":94},"19":{"name":"(anonymous_19)","decl":{"start":{"line":101,"column":38},"end":{"line":101,"column":39}},"loc":{"start":{"line":101,"column":50},"end":{"line":103,"column":7}},"line":101},"20":{"name":"(anonymous_20)","decl":{"start":{"line":103,"column":18},"end":{"line":103,"column":19}},"loc":{"start":{"line":103,"column":35},"end":{"line":105,"column":7}},"line":103},"21":{"name":"(anonymous_21)","decl":{"start":{"line":106,"column":16},"end":{"line":106,"column":17}},"loc":{"start":{"line":106,"column":33},"end":{"line":108,"column":5}},"line":106}},"branchMap":{"0":{"loc":{"start":{"line":31,"column":6},"end":{"line":35,"column":7}},"type":"if","locations":[{"start":{"line":31,"column":6},"end":{"line":35,"column":7}},{"start":{"line":31,"column":6},"end":{"line":35,"column":7}}],"line":31},"1":{"loc":{"start":{"line":76,"column":6},"end":{"line":80,"column":7}},"type":"if","locations":[{"start":{"line":76,"column":6},"end":{"line":80,"column":7}},{"start":{"line":76,"column":6},"end":{"line":80,"column":7}}],"line":76},"2":{"loc":{"start":{"line":83,"column":20},"end":{"line":83,"column":51}},"type":"binary-expr","locations":[{"start":{"line":83,"column":20},"end":{"line":83,"column":33}},{"start":{"line":83,"column":37},"end":{"line":83,"column":51}}],"line":83},"3":{"loc":{"start":{"line":95,"column":6},"end":{"line":99,"column":7}},"type":"if","locations":[{"start":{"line":95,"column":6},"end":{"line":99,"column":7}},{"start":{"line":95,"column":6},"end":{"line":99,"column":7}}],"line":95}},"s":{"0":1,"1":1,"2":1,"3":0,"4":0,"5":0,"6":0,"7":0,"8":0,"9":0,"10":0,"11":0,"12":0,"13":0,"14":0,"15":0,"16":0,"17":0,"18":0,"19":0,"20":0,"21":0,"22":0,"23":0,"24":0,"25":0,"26":0,"27":0,"28":0,"29":0,"30":0,"31":0,"32":0},"f":{"0":0,"1":0,"2":0,"3":0,"4":0,"5":0,"6":0,"7":0,"8":0,"9":0,"10":0,"11":0,"12":0,"13":0,"14":0,"15":0,"16":0,"17":0,"18":0,"19":0,"20":0,"21":0},"b":{"0":[0,0],"1":[0,0],"2":[0,0],"3":[0,0]},"inputSourceMap":{"version":3,"sources":["classroom.js"],"names":["classroom","require","student","module","exports","list","req","res","findAll","include","model","as","order","then","status","send","error","getById","findByPk","params","id","message","console","log","add","create","name","body","addWithStudents","update","class_name","destroy"],"mappings":";;AAAA,IAAMA,SAAS,GAAGC,OAAO,CAAC,WAAD,CAAP,CAAqBD,SAAvC;;AACA,IAAME,OAAO,GAAGD,OAAO,CAAC,WAAD,CAAP,CAAqBC,OAArC;;AAEAC,MAAM,CAACC,OAAP,GAAiB;AACbC,EAAAA,IADa,gBACRC,GADQ,EACHC,GADG,EACE;AACX,WAAOP,SAAS,CACXQ,OADE,CACM;AACLC,MAAAA,OAAO,EAAE,CAAC;AACNC,QAAAA,KAAK,EAAEV,SADD;AAENW,QAAAA,EAAE,EAAE;AAFE,OAAD,CADJ;AAKLC,MAAAA,KAAK,EAAE,CACH,CAAC,WAAD,EAAc,MAAd,CADG,EAEH,CAAC;AAAEF,QAAAA,KAAK,EAAEV,SAAT;AAAoBW,QAAAA,EAAE,EAAE;AAAxB,OAAD,EAAwC,WAAxC,EAAqD,MAArD,CAFG;AALF,KADN,EAWFE,IAXE,CAWG,UAACb,SAAD;AAAA,aAAeO,GAAG,CAACO,MAAJ,CAAW,GAAX,EAAgBC,IAAhB,CAAqBf,SAArB,CAAf;AAAA,KAXH,WAYI,UAACgB,KAAD,EAAW;AAAET,MAAAA,GAAG,CAACO,MAAJ,CAAW,GAAX,EAAgBC,IAAhB,CAAqBC,KAArB;AAA8B,KAZ/C,CAAP;AAaH,GAfY;AAiBbC,EAAAA,OAjBa,mBAiBLX,GAjBK,EAiBAC,GAjBA,EAiBK;AACd,WAAOP,SAAS,CACXkB,QADE,CACOZ,GAAG,CAACa,MAAJ,CAAWC,EADlB,EACsB;AACrBX,MAAAA,OAAO,EAAE,CAAC;AACNC,QAAAA,KAAK,EAAER,OADD;AAENS,QAAAA,EAAE,EAAE;AAFE,OAAD;AADY,KADtB,EAOFE,IAPE,CAOG,UAACb,SAAD,EAAe;AACjB,UAAI,CAACA,SAAL,EAAgB;AACZ,eAAOO,GAAG,CAACO,MAAJ,CAAW,GAAX,EAAgBC,IAAhB,CAAqB;AACxBM,UAAAA,OAAO,EAAE;AADe,SAArB,CAAP;AAGH;;AACD,aAAOd,GAAG,CAACO,MAAJ,CAAW,GAAX,EAAgBC,IAAhB,CAAqBf,SAArB,CAAP;AACH,KAdE,WAeI,UAACgB,KAAD,EAAW;AACdM,MAAAA,OAAO,CAACC,GAAR,CAAYP,KAAZ;AACAT,MAAAA,GAAG,CAACO,MAAJ,CAAW,GAAX,EAAgBC,IAAhB,CAAqBC,KAArB;AACH,KAlBE,CAAP;AAmBH,GArCY;AAuCbQ,EAAAA,GAvCa,eAuCTlB,GAvCS,EAuCJC,GAvCI,EAuCC;AACV,WAAOP,SAAS,CACXyB,MADE,CACK;AACJC,MAAAA,IAAI,EAAEpB,GAAG,CAACqB,IAAJ,CAASD,IADX,CAEJ;;AAFI,KADL,EAKFb,IALE,CAKG,UAACb,SAAD;AAAA,aAAeO,GAAG,CAACO,MAAJ,CAAW,GAAX,EAAgBC,IAAhB,CAAqBf,SAArB,CAAf;AAAA,KALH,WAMI,UAACgB,KAAD;AAAA,aAAWT,GAAG,CAACO,MAAJ,CAAW,GAAX,EAAgBC,IAAhB,CAAqBC,KAArB,CAAX;AAAA,KANJ,CAAP;AAOH,GA/CY;AAiDbY,EAAAA,eAjDa,2BAiDGtB,GAjDH,EAiDQC,GAjDR,EAiDa;AACtB,WAAOP,SAAS,CACXyB,MADE,CACK;AACJC,MAAAA,IAAI,EAAEpB,GAAG,CAACqB,IAAJ,CAASD,IADX;AAEJxB,MAAAA,OAAO,EAAEI,GAAG,CAACqB,IAAJ,CAASzB;AAFd,KADL,EAIA;AACCO,MAAAA,OAAO,EAAE,CAAC;AACNC,QAAAA,KAAK,EAAER,OADD;AAENS,QAAAA,EAAE,EAAE;AAFE,OAAD;AADV,KAJA,EAUFE,IAVE,CAUG,UAACb,SAAD;AAAA,aAAeO,GAAG,CAACO,MAAJ,CAAW,GAAX,EAAgBC,IAAhB,CAAqBf,SAArB,CAAf;AAAA,KAVH,WAWI,UAACgB,KAAD,EAAW;AACdM,MAAAA,OAAO,CAACC,GAAR,CAAYP,KAAZ;AACAT,MAAAA,GAAG,CAACO,MAAJ,CAAW,GAAX,EAAgBC,IAAhB,CAAqBC,KAArB;AACH,KAdE,CAAP;AAeH,GAjEY;AAmEba,EAAAA,MAnEa,kBAmENvB,GAnEM,EAmEDC,GAnEC,EAmEI;AACb,WAAOP,SAAS,CACXkB,QADE,CACOZ,GAAG,CAACa,MAAJ,CAAWC,EADlB,EACsB;AACrBX,MAAAA,OAAO,EAAE,CAAC;AACNC,QAAAA,KAAK,EAAER,OADD;AAENS,QAAAA,EAAE,EAAE;AAFE,OAAD;AADY,KADtB,EAOFE,IAPE,CAOG,UAAAb,SAAS,EAAI;AACf,UAAI,CAACA,SAAL,EAAgB;AACZ,eAAOO,GAAG,CAACO,MAAJ,CAAW,GAAX,EAAgBC,IAAhB,CAAqB;AACxBM,UAAAA,OAAO,EAAE;AADe,SAArB,CAAP;AAGH;;AACD,aAAOrB,SAAS,CACX6B,MADE,CACK;AACJC,QAAAA,UAAU,EAAExB,GAAG,CAACqB,IAAJ,CAASD,IAAT,IAAiB1B,SAAS,CAAC0B;AADnC,OADL,EAIFb,IAJE,CAIG;AAAA,eAAMN,GAAG,CAACO,MAAJ,CAAW,GAAX,EAAgBC,IAAhB,CAAqBf,SAArB,CAAN;AAAA,OAJH,WAKI,UAACgB,KAAD;AAAA,eAAWT,GAAG,CAACO,MAAJ,CAAW,GAAX,EAAgBC,IAAhB,CAAqBC,KAArB,CAAX;AAAA,OALJ,CAAP;AAMH,KAnBE,WAoBI,UAACA,KAAD;AAAA,aAAWT,GAAG,CAACO,MAAJ,CAAW,GAAX,EAAgBC,IAAhB,CAAqBC,KAArB,CAAX;AAAA,KApBJ,CAAP;AAqBH,GAzFY;AAAA,6BA2FNV,GA3FM,EA2FDC,GA3FC,EA2FI;AACb,WAAOP,SAAS,CACXkB,QADE,CACOZ,GAAG,CAACa,MAAJ,CAAWC,EADlB,EAEFP,IAFE,CAEG,UAAAb,SAAS,EAAI;AACf,UAAI,CAACA,SAAL,EAAgB;AACZ,eAAOO,GAAG,CAACO,MAAJ,CAAW,GAAX,EAAgBC,IAAhB,CAAqB;AACxBM,UAAAA,OAAO,EAAE;AADe,SAArB,CAAP;AAGH;;AACD,aAAOrB,SAAS,CACX+B,OADE,GAEFlB,IAFE,CAEG;AAAA,eAAMN,GAAG,CAACO,MAAJ,CAAW,GAAX,EAAgBC,IAAhB,EAAN;AAAA,OAFH,WAGI,UAACC,KAAD;AAAA,eAAWT,GAAG,CAACO,MAAJ,CAAW,GAAX,EAAgBC,IAAhB,CAAqBC,KAArB,CAAX;AAAA,OAHJ,CAAP;AAIH,KAZE,WAaI,UAACA,KAAD;AAAA,aAAWT,GAAG,CAACO,MAAJ,CAAW,GAAX,EAAgBC,IAAhB,CAAqBC,KAArB,CAAX;AAAA,KAbJ,CAAP;AAcH;AA1GY,CAAjB","sourceRoot":"C:\\studentMgmt\\CoursesManager\\controllers\\","sourcesContent":["const classroom = require('../models').classroom;\r\nconst student = require('../models').student;\r\n\r\nmodule.exports = {\r\n    list(req, res) {\r\n        return classroom\r\n            .findAll({\r\n                include: [{\r\n                    model: classroom,\r\n                    as: 'classroom'\r\n                }],\r\n                order: [\r\n                    ['createdAt', 'DESC'],\r\n                    [{ model: classroom, as: 'classroom' }, 'createdAt', 'DESC'],\r\n                ],\r\n            })\r\n            .then((classroom) => res.status(200).send(classroom))\r\n            .catch((error) => { res.status(400).send(error); });\r\n    },\r\n\r\n    getById(req, res) {\r\n        return classroom\r\n            .findByPk(req.params.id, {\r\n                include: [{\r\n                    model: student,\r\n                    as: 'student'\r\n                }],\r\n            })\r\n            .then((classroom) => {\r\n                if (!classroom) {\r\n                    return res.status(404).send({\r\n                        message: 'Classroom Not Found',\r\n                    });\r\n                }\r\n                return res.status(200).send(classroom);\r\n            })\r\n            .catch((error) => {\r\n                console.log(error);\r\n                res.status(400).send(error);\r\n            });\r\n    },\r\n\r\n    add(req, res) {\r\n        return classroom\r\n            .create({\r\n                name: req.body.name,\r\n                //classId: req.body.classId\r\n            })\r\n            .then((classroom) => res.status(201).send(classroom))\r\n            .catch((error) => res.status(400).send(error));\r\n    },\r\n\r\n    addWithStudents(req, res) {\r\n        return classroom\r\n            .create({\r\n                name: req.body.name,\r\n                student: req.body.student,\r\n            }, {\r\n                include: [{\r\n                    model: student,\r\n                    as: 'student'\r\n                }]\r\n            })\r\n            .then((classroom) => res.status(201).send(classroom))\r\n            .catch((error) => {\r\n                console.log(error);\r\n                res.status(400).send(error);\r\n            });\r\n    },\r\n\r\n    update(req, res) {\r\n        return classroom\r\n            .findByPk(req.params.id, {\r\n                include: [{\r\n                    model: student,\r\n                    as: 'student'\r\n                }],\r\n            })\r\n            .then(classroom => {\r\n                if (!classroom) {\r\n                    return res.status(404).send({\r\n                        message: 'Classroom Not Found',\r\n                    });\r\n                }\r\n                return classroom\r\n                    .update({\r\n                        class_name: req.body.name || classroom.name,\r\n                    })\r\n                    .then(() => res.status(200).send(classroom))\r\n                    .catch((error) => res.status(400).send(error));\r\n            })\r\n            .catch((error) => res.status(400).send(error));\r\n    },\r\n\r\n    delete(req, res) {\r\n        return classroom\r\n            .findByPk(req.params.id)\r\n            .then(classroom => {\r\n                if (!classroom) {\r\n                    return res.status(400).send({\r\n                        message: 'Classroom Not Found',\r\n                    });\r\n                }\r\n                return classroom\r\n                    .destroy()\r\n                    .then(() => res.status(204).send())\r\n                    .catch((error) => res.status(400).send(error));\r\n            })\r\n            .catch((error) => res.status(400).send(error));\r\n    },\r\n};"]},"_coverageSchema":"1a1c01bbd47fc00a2c39e90264f33305004495a9","hash":"d0482272cb61d015e29878f2679723d3fc3a1a86","contentHash":"fcf82d11b74eecc3800791259f7963213b1466ea3b8dfcf7d250e9f6f8b4ce41"},"C:\\studentMgmt\\CoursesManager\\models\\index.js":{"path":"C:\\studentMgmt\\CoursesManager\\models\\index.js","statementMap":{"0":{"start":{"line":3,"column":10},"end":{"line":3,"column":47}},"1":{"start":{"line":5,"column":12},"end":{"line":5,"column":51}},"2":{"start":{"line":7,"column":17},"end":{"line":7,"column":61}},"3":{"start":{"line":9,"column":39},"end":{"line":9,"column":95}},"4":{"start":{"line":11,"column":15},"end":{"line":11,"column":52}},"5":{"start":{"line":13,"column":10},"end":{"line":13,"column":47}},"6":{"start":{"line":15,"column":13},"end":{"line":15,"column":63}},"7":{"start":{"line":17,"column":9},"end":{"line":17,"column":11}},"8":{"start":{"line":20,"column":0},"end":{"line":24,"column":1}},"9":{"start":{"line":21,"column":2},"end":{"line":21,"column":86}},"10":{"start":{"line":23,"column":2},"end":{"line":23,"column":99}},"11":{"start":{"line":26,"column":0},"end":{"line":32,"column":3}},"12":{"start":{"line":27,"column":2},"end":{"line":27,"column":82}},"13":{"start":{"line":29,"column":14},"end":{"line":29,"column":105}},"14":{"start":{"line":31,"column":2},"end":{"line":31,"column":25}},"15":{"start":{"line":34,"column":0},"end":{"line":38,"column":3}},"16":{"start":{"line":35,"column":2},"end":{"line":37,"column":3}},"17":{"start":{"line":36,"column":4},"end":{"line":36,"column":32}},"18":{"start":{"line":39,"column":0},"end":{"line":39,"column":25}},"19":{"start":{"line":40,"column":0},"end":{"line":40,"column":37}},"20":{"start":{"line":41,"column":0},"end":{"line":41,"column":20}}},"fnMap":{"0":{"name":"_interopRequireDefault","decl":{"start":{"line":9,"column":9},"end":{"line":9,"column":31}},"loc":{"start":{"line":9,"column":37},"end":{"line":9,"column":97}},"line":9},"1":{"name":"(anonymous_1)","decl":{"start":{"line":26,"column":45},"end":{"line":26,"column":46}},"loc":{"start":{"line":26,"column":61},"end":{"line":28,"column":1}},"line":26},"2":{"name":"(anonymous_2)","decl":{"start":{"line":28,"column":11},"end":{"line":28,"column":12}},"loc":{"start":{"line":28,"column":27},"end":{"line":32,"column":1}},"line":28},"3":{"name":"(anonymous_3)","decl":{"start":{"line":34,"column":24},"end":{"line":34,"column":25}},"loc":{"start":{"line":34,"column":45},"end":{"line":38,"column":1}},"line":34}},"branchMap":{"0":{"loc":{"start":{"line":9,"column":46},"end":{"line":9,"column":94}},"type":"cond-expr","locations":[{"start":{"line":9,"column":70},"end":{"line":9,"column":73}},{"start":{"line":9,"column":76},"end":{"line":9,"column":94}}],"line":9},"1":{"loc":{"start":{"line":9,"column":46},"end":{"line":9,"column":67}},"type":"binary-expr","locations":[{"start":{"line":9,"column":46},"end":{"line":9,"column":49}},{"start":{"line":9,"column":53},"end":{"line":9,"column":67}}],"line":9},"2":{"loc":{"start":{"line":13,"column":10},"end":{"line":13,"column":47}},"type":"binary-expr","locations":[{"start":{"line":13,"column":10},"end":{"line":13,"column":30}},{"start":{"line":13,"column":34},"end":{"line":13,"column":47}}],"line":13},"3":{"loc":{"start":{"line":20,"column":0},"end":{"line":24,"column":1}},"type":"if","locations":[{"start":{"line":20,"column":0},"end":{"line":24,"column":1}},{"start":{"line":20,"column":0},"end":{"line":24,"column":1}}],"line":20},"4":{"loc":{"start":{"line":27,"column":9},"end":{"line":27,"column":81}},"type":"binary-expr","locations":[{"start":{"line":27,"column":9},"end":{"line":27,"column":32}},{"start":{"line":27,"column":36},"end":{"line":27,"column":53}},{"start":{"line":27,"column":57},"end":{"line":27,"column":81}}],"line":27},"5":{"loc":{"start":{"line":35,"column":2},"end":{"line":37,"column":3}},"type":"if","locations":[{"start":{"line":35,"column":2},"end":{"line":37,"column":3}},{"start":{"line":35,"column":2},"end":{"line":37,"column":3}}],"line":35}},"s":{"0":1,"1":1,"2":1,"3":3,"4":1,"5":1,"6":1,"7":1,"8":1,"9":0,"10":1,"11":1,"12":7,"13":6,"14":6,"15":1,"16":6,"17":5,"18":1,"19":1,"20":1},"f":{"0":3,"1":7,"2":6,"3":6},"b":{"0":[0,3],"1":[3,3],"2":[1,1],"3":[0,1],"4":[7,7,6],"5":[5,1]},"inputSourceMap":{"version":3,"sources":["index.js"],"names":["basename","path","__filename","env","process","NODE_ENV","config","require","__dirname","db","sequelize","use_env_variable","Sequelize","database","username","password","fs","readdirSync","filter","file","indexOf","slice","forEach","model","join","DataTypes","name","Object","keys","modelName","associate","module","exports"],"mappings":"AAAA;;AAEA;;AACA;;AACA;;;;AACA,IAAMA,QAAQ,GAAGC,iBAAKD,QAAL,CAAcE,UAAd,CAAjB;;AACA,IAAMC,GAAG,GAAGC,OAAO,CAACD,GAAR,CAAYE,QAAZ,IAAwB,aAApC;;AACA,IAAMC,MAAM,GAAGC,OAAO,CAACC,SAAS,GAAG,wBAAb,CAAP,CAA8CL,GAA9C,CAAf;;AACA,IAAMM,EAAE,GAAG,EAAX;AAEA,IAAIC,SAAJ;;AACA,IAAIJ,MAAM,CAACK,gBAAX,EAA6B;AACzBD,EAAAA,SAAS,GAAG,IAAIE,qBAAJ,CAAcR,OAAO,CAACD,GAAR,CAAYG,MAAM,CAACK,gBAAnB,CAAd,EAAoDL,MAApD,CAAZ;AACH,CAFD,MAEO;AACHI,EAAAA,SAAS,GAAG,IAAIE,qBAAJ,CAAcN,MAAM,CAACO,QAArB,EAA+BP,MAAM,CAACQ,QAAtC,EAAgDR,MAAM,CAACS,QAAvD,EAAiET,MAAjE,CAAZ;AACH;;AAEDU,eACKC,WADL,CACiBT,SADjB,EAEKU,MAFL,CAEY,UAAAC,IAAI,EAAI;AACZ,SAAQA,IAAI,CAACC,OAAL,CAAa,GAAb,MAAsB,CAAvB,IAA8BD,IAAI,KAAKnB,QAAvC,IAAqDmB,IAAI,CAACE,KAAL,CAAW,CAAC,CAAZ,MAAmB,KAA/E;AACH,CAJL,EAKKC,OALL,CAKa,UAAAH,IAAI,EAAI;AACb,MAAMI,KAAK,GAAGhB,OAAO,CAACN,iBAAKuB,IAAL,CAAUhB,SAAV,EAAqBW,IAArB,CAAD,CAAP,CAAoCT,SAApC,EAA+CE,sBAAUa,SAAzD,CAAd;;AACAhB,EAAAA,EAAE,CAACc,KAAK,CAACG,IAAP,CAAF,GAAiBH,KAAjB;AACH,CARL;;AAUAI,MAAM,CAACC,IAAP,CAAYnB,EAAZ,EAAgBa,OAAhB,CAAwB,UAAAO,SAAS,EAAI;AACjC,MAAIpB,EAAE,CAACoB,SAAD,CAAF,CAAcC,SAAlB,EAA6B;AACzBrB,IAAAA,EAAE,CAACoB,SAAD,CAAF,CAAcC,SAAd,CAAwBrB,EAAxB;AACH;AACJ,CAJD;AAMAA,EAAE,CAACC,SAAH,GAAeA,SAAf;AACAD,EAAE,CAACG,SAAH,GAAeA,qBAAf;AAEAmB,MAAM,CAACC,OAAP,GAAiBvB,EAAjB","sourceRoot":"C:\\studentMgmt\\CoursesManager\\models\\","sourcesContent":["'use strict';\r\n\r\nimport fs from 'fs';\r\nimport path from 'path';\r\nimport Sequelize from 'sequelize';\r\nconst basename = path.basename(__filename);\r\nconst env = process.env.NODE_ENV || 'development';\r\nconst config = require(__dirname + '/../config/config.json')[env];\r\nconst db = {};\r\n\r\nlet sequelize;\r\nif (config.use_env_variable) {\r\n    sequelize = new Sequelize(process.env[config.use_env_variable], config);\r\n} else {\r\n    sequelize = new Sequelize(config.database, config.username, config.password, config);\r\n}\r\n\r\nfs\r\n    .readdirSync(__dirname)\r\n    .filter(file => {\r\n        return (file.indexOf('.') !== 0) && (file !== basename) && (file.slice(-3) === '.js');\r\n    })\r\n    .forEach(file => {\r\n        const model = require(path.join(__dirname, file))(sequelize, Sequelize.DataTypes);\r\n        db[model.name] = model;\r\n    });\r\n\r\nObject.keys(db).forEach(modelName => {\r\n    if (db[modelName].associate) {\r\n        db[modelName].associate(db);\r\n    }\r\n});\r\n\r\ndb.sequelize = sequelize;\r\ndb.Sequelize = Sequelize;\r\n\r\nmodule.exports = db;"]},"_coverageSchema":"1a1c01bbd47fc00a2c39e90264f33305004495a9","hash":"6b8decddc849450fe99dfd1c30165759e0cc3aef","contentHash":"2214d29bb0858afa8278b933c3399a21871c57277663b42d452f625b24f3b5cf"},"C:\\studentMgmt\\CoursesManager\\models\\classroom.js":{"path":"C:\\studentMgmt\\CoursesManager\\models\\classroom.js","statementMap":{"0":{"start":{"line":3,"column":17},"end":{"line":3,"column":37}},"1":{"start":{"line":5,"column":51},"end":{"line":5,"column":355}},"2":{"start":{"line":5,"column":126},"end":{"line":5,"column":181}},"3":{"start":{"line":5,"column":160},"end":{"line":5,"column":178}},"4":{"start":{"line":5,"column":191},"end":{"line":5,"column":353}},"5":{"start":{"line":5,"column":225},"end":{"line":5,"column":350}},"6":{"start":{"line":5,"column":356},"end":{"line":5,"column":376}},"7":{"start":{"line":7,"column":50},"end":{"line":7,"column":151}},"8":{"start":{"line":7,"column":92},"end":{"line":7,"column":149}},"9":{"start":{"line":9,"column":44},"end":{"line":9,"column":315}},"10":{"start":{"line":9,"column":57},"end":{"line":9,"column":58}},"11":{"start":{"line":9,"column":102},"end":{"line":9,"column":110}},"12":{"start":{"line":9,"column":112},"end":{"line":9,"column":167}},"13":{"start":{"line":9,"column":168},"end":{"line":9,"column":199}},"14":{"start":{"line":9,"column":200},"end":{"line":9,"column":254}},"15":{"start":{"line":9,"column":227},"end":{"line":9,"column":254}},"16":{"start":{"line":9,"column":255},"end":{"line":9,"column":313}},"17":{"start":{"line":11,"column":62},"end":{"line":11,"column":131}},"18":{"start":{"line":11,"column":78},"end":{"line":11,"column":131}},"19":{"start":{"line":11,"column":132},"end":{"line":11,"column":193}},"20":{"start":{"line":11,"column":149},"end":{"line":11,"column":193}},"21":{"start":{"line":11,"column":194},"end":{"line":11,"column":213}},"22":{"start":{"line":13,"column":43},"end":{"line":13,"column":182}},"23":{"start":{"line":13,"column":106},"end":{"line":13,"column":180}},"24":{"start":{"line":13,"column":183},"end":{"line":13,"column":328}},"25":{"start":{"line":13,"column":329},"end":{"line":13,"column":383}},"26":{"start":{"line":13,"column":345},"end":{"line":13,"column":383}},"27":{"start":{"line":15,"column":33},"end":{"line":15,"column":138}},"28":{"start":{"line":15,"column":109},"end":{"line":15,"column":125}},"29":{"start":{"line":15,"column":126},"end":{"line":15,"column":135}},"30":{"start":{"line":15,"column":139},"end":{"line":15,"column":168}},"31":{"start":{"line":17,"column":65},"end":{"line":17,"column":92}},"32":{"start":{"line":17,"column":94},"end":{"line":17,"column":423}},"33":{"start":{"line":17,"column":147},"end":{"line":17,"column":171}},"34":{"start":{"line":17,"column":181},"end":{"line":17,"column":371}},"35":{"start":{"line":17,"column":230},"end":{"line":17,"column":263}},"36":{"start":{"line":17,"column":265},"end":{"line":17,"column":321}},"37":{"start":{"line":17,"column":331},"end":{"line":17,"column":369}},"38":{"start":{"line":17,"column":372},"end":{"line":17,"column":420}},"39":{"start":{"line":19,"column":50},"end":{"line":19,"column":138}},"40":{"start":{"line":19,"column":124},"end":{"line":19,"column":136}},"41":{"start":{"line":19,"column":139},"end":{"line":19,"column":175}},"42":{"start":{"line":21,"column":40},"end":{"line":21,"column":151}},"43":{"start":{"line":21,"column":63},"end":{"line":21,"column":149}},"44":{"start":{"line":21,"column":152},"end":{"line":21,"column":164}},"45":{"start":{"line":23,"column":39},"end":{"line":23,"column":110}},"46":{"start":{"line":23,"column":97},"end":{"line":23,"column":110}},"47":{"start":{"line":23,"column":111},"end":{"line":23,"column":152}},"48":{"start":{"line":23,"column":139},"end":{"line":23,"column":152}},"49":{"start":{"line":23,"column":153},"end":{"line":23,"column":198}},"50":{"start":{"line":23,"column":186},"end":{"line":23,"column":198}},"51":{"start":{"line":23,"column":199},"end":{"line":23,"column":322}},"52":{"start":{"line":23,"column":205},"end":{"line":23,"column":279}},"53":{"start":{"line":23,"column":280},"end":{"line":23,"column":292}},"54":{"start":{"line":23,"column":307},"end":{"line":23,"column":320}},"55":{"start":{"line":25,"column":30},"end":{"line":25,"column":176}},"56":{"start":{"line":25,"column":126},"end":{"line":25,"column":173}},"57":{"start":{"line":25,"column":177},"end":{"line":25,"column":203}},"58":{"start":{"line":27,"column":0},"end":{"line":66,"column":2}},"59":{"start":{"line":28,"column":31},"end":{"line":56,"column":21}},"60":{"start":{"line":29,"column":4},"end":{"line":29,"column":33}},"61":{"start":{"line":31,"column":17},"end":{"line":31,"column":40}},"62":{"start":{"line":34,"column":6},"end":{"line":34,"column":39}},"63":{"start":{"line":36,"column":6},"end":{"line":36,"column":43}},"64":{"start":{"line":39,"column":4},"end":{"line":53,"column":8}},"65":{"start":{"line":48,"column":8},"end":{"line":51,"column":11}},"66":{"start":{"line":55,"column":4},"end":{"line":55,"column":21}},"67":{"start":{"line":59,"column":2},"end":{"line":64,"column":5}},"68":{"start":{"line":65,"column":2},"end":{"line":65,"column":19}}},"fnMap":{"0":{"name":"_typeof","decl":{"start":{"line":5,"column":9},"end":{"line":5,"column":16}},"loc":{"start":{"line":5,"column":22},"end":{"line":5,"column":378}},"line":5},"1":{"name":"_typeof","decl":{"start":{"line":5,"column":145},"end":{"line":5,"column":152}},"loc":{"start":{"line":5,"column":158},"end":{"line":5,"column":180}},"line":5},"2":{"name":"_typeof","decl":{"start":{"line":5,"column":210},"end":{"line":5,"column":217}},"loc":{"start":{"line":5,"column":223},"end":{"line":5,"column":352}},"line":5},"3":{"name":"_classCallCheck","decl":{"start":{"line":7,"column":9},"end":{"line":7,"column":24}},"loc":{"start":{"line":7,"column":48},"end":{"line":7,"column":153}},"line":7},"4":{"name":"_defineProperties","decl":{"start":{"line":9,"column":9},"end":{"line":9,"column":26}},"loc":{"start":{"line":9,"column":42},"end":{"line":9,"column":317}},"line":9},"5":{"name":"_createClass","decl":{"start":{"line":11,"column":9},"end":{"line":11,"column":21}},"loc":{"start":{"line":11,"column":60},"end":{"line":11,"column":215}},"line":11},"6":{"name":"_inherits","decl":{"start":{"line":13,"column":9},"end":{"line":13,"column":18}},"loc":{"start":{"line":13,"column":41},"end":{"line":13,"column":385}},"line":13},"7":{"name":"_setPrototypeOf","decl":{"start":{"line":15,"column":9},"end":{"line":15,"column":24}},"loc":{"start":{"line":15,"column":31},"end":{"line":15,"column":170}},"line":15},"8":{"name":"_setPrototypeOf","decl":{"start":{"line":15,"column":85},"end":{"line":15,"column":100}},"loc":{"start":{"line":15,"column":107},"end":{"line":15,"column":137}},"line":15},"9":{"name":"_createSuper","decl":{"start":{"line":17,"column":9},"end":{"line":17,"column":21}},"loc":{"start":{"line":17,"column":31},"end":{"line":17,"column":425}},"line":17},"10":{"name":"_createSuperInternal","decl":{"start":{"line":17,"column":110},"end":{"line":17,"column":130}},"loc":{"start":{"line":17,"column":133},"end":{"line":17,"column":422}},"line":17},"11":{"name":"_possibleConstructorReturn","decl":{"start":{"line":19,"column":9},"end":{"line":19,"column":35}},"loc":{"start":{"line":19,"column":48},"end":{"line":19,"column":177}},"line":19},"12":{"name":"_assertThisInitialized","decl":{"start":{"line":21,"column":9},"end":{"line":21,"column":31}},"loc":{"start":{"line":21,"column":38},"end":{"line":21,"column":166}},"line":21},"13":{"name":"_isNativeReflectConstruct","decl":{"start":{"line":23,"column":9},"end":{"line":23,"column":34}},"loc":{"start":{"line":23,"column":37},"end":{"line":23,"column":324}},"line":23},"14":{"name":"(anonymous_14)","decl":{"start":{"line":23,"column":262},"end":{"line":23,"column":263}},"loc":{"start":{"line":23,"column":274},"end":{"line":23,"column":276}},"line":23},"15":{"name":"_getPrototypeOf","decl":{"start":{"line":25,"column":9},"end":{"line":25,"column":24}},"loc":{"start":{"line":25,"column":28},"end":{"line":25,"column":205}},"line":25},"16":{"name":"_getPrototypeOf","decl":{"start":{"line":25,"column":105},"end":{"line":25,"column":120}},"loc":{"start":{"line":25,"column":124},"end":{"line":25,"column":175}},"line":25},"17":{"name":"(anonymous_17)","decl":{"start":{"line":27,"column":17},"end":{"line":27,"column":18}},"loc":{"start":{"line":27,"column":49},"end":{"line":66,"column":1}},"line":27},"18":{"name":"(anonymous_18)","decl":{"start":{"line":28,"column":31},"end":{"line":28,"column":32}},"loc":{"start":{"line":28,"column":49},"end":{"line":56,"column":3}},"line":28},"19":{"name":"classroom","decl":{"start":{"line":33,"column":13},"end":{"line":33,"column":22}},"loc":{"start":{"line":33,"column":25},"end":{"line":37,"column":5}},"line":33},"20":{"name":"associate","decl":{"start":{"line":47,"column":22},"end":{"line":47,"column":31}},"loc":{"start":{"line":47,"column":40},"end":{"line":52,"column":7}},"line":47}},"branchMap":{"0":{"loc":{"start":{"line":5,"column":51},"end":{"line":5,"column":355}},"type":"if","locations":[{"start":{"line":5,"column":51},"end":{"line":5,"column":355}},{"start":{"line":5,"column":51},"end":{"line":5,"column":355}}],"line":5},"1":{"loc":{"start":{"line":5,"column":55},"end":{"line":5,"column":122}},"type":"binary-expr","locations":[{"start":{"line":5,"column":55},"end":{"line":5,"column":83}},{"start":{"line":5,"column":87},"end":{"line":5,"column":122}}],"line":5},"2":{"loc":{"start":{"line":5,"column":232},"end":{"line":5,"column":349}},"type":"cond-expr","locations":[{"start":{"line":5,"column":328},"end":{"line":5,"column":336}},{"start":{"line":5,"column":339},"end":{"line":5,"column":349}}],"line":5},"3":{"loc":{"start":{"line":5,"column":232},"end":{"line":5,"column":325}},"type":"binary-expr","locations":[{"start":{"line":5,"column":232},"end":{"line":5,"column":235}},{"start":{"line":5,"column":239},"end":{"line":5,"column":267}},{"start":{"line":5,"column":271},"end":{"line":5,"column":297}},{"start":{"line":5,"column":301},"end":{"line":5,"column":325}}],"line":5},"4":{"loc":{"start":{"line":7,"column":50},"end":{"line":7,"column":151}},"type":"if","locations":[{"start":{"line":7,"column":50},"end":{"line":7,"column":151}},{"start":{"line":7,"column":50},"end":{"line":7,"column":151}}],"line":7},"5":{"loc":{"start":{"line":9,"column":136},"end":{"line":9,"column":166}},"type":"binary-expr","locations":[{"start":{"line":9,"column":136},"end":{"line":9,"column":157}},{"start":{"line":9,"column":161},"end":{"line":9,"column":166}}],"line":9},"6":{"loc":{"start":{"line":9,"column":200},"end":{"line":9,"column":254}},"type":"if","locations":[{"start":{"line":9,"column":200},"end":{"line":9,"column":254}},{"start":{"line":9,"column":200},"end":{"line":9,"column":254}}],"line":9},"7":{"loc":{"start":{"line":11,"column":62},"end":{"line":11,"column":131}},"type":"if","locations":[{"start":{"line":11,"column":62},"end":{"line":11,"column":131}},{"start":{"line":11,"column":62},"end":{"line":11,"column":131}}],"line":11},"8":{"loc":{"start":{"line":11,"column":132},"end":{"line":11,"column":193}},"type":"if","locations":[{"start":{"line":11,"column":132},"end":{"line":11,"column":193}},{"start":{"line":11,"column":132},"end":{"line":11,"column":193}}],"line":11},"9":{"loc":{"start":{"line":13,"column":43},"end":{"line":13,"column":182}},"type":"if","locations":[{"start":{"line":13,"column":43},"end":{"line":13,"column":182}},{"start":{"line":13,"column":43},"end":{"line":13,"column":182}}],"line":13},"10":{"loc":{"start":{"line":13,"column":47},"end":{"line":13,"column":102}},"type":"binary-expr","locations":[{"start":{"line":13,"column":47},"end":{"line":13,"column":79}},{"start":{"line":13,"column":83},"end":{"line":13,"column":102}}],"line":13},"11":{"loc":{"start":{"line":13,"column":218},"end":{"line":13,"column":252}},"type":"binary-expr","locations":[{"start":{"line":13,"column":218},"end":{"line":13,"column":228}},{"start":{"line":13,"column":232},"end":{"line":13,"column":252}}],"line":13},"12":{"loc":{"start":{"line":13,"column":329},"end":{"line":13,"column":383}},"type":"if","locations":[{"start":{"line":13,"column":329},"end":{"line":13,"column":383}},{"start":{"line":13,"column":329},"end":{"line":13,"column":383}}],"line":13},"13":{"loc":{"start":{"line":15,"column":51},"end":{"line":15,"column":137}},"type":"binary-expr","locations":[{"start":{"line":15,"column":51},"end":{"line":15,"column":72}},{"start":{"line":15,"column":76},"end":{"line":15,"column":137}}],"line":15},"14":{"loc":{"start":{"line":17,"column":181},"end":{"line":17,"column":371}},"type":"if","locations":[{"start":{"line":17,"column":181},"end":{"line":17,"column":371}},{"start":{"line":17,"column":181},"end":{"line":17,"column":371}}],"line":17},"15":{"loc":{"start":{"line":19,"column":50},"end":{"line":19,"column":138}},"type":"if","locations":[{"start":{"line":19,"column":50},"end":{"line":19,"column":138}},{"start":{"line":19,"column":50},"end":{"line":19,"column":138}}],"line":19},"16":{"loc":{"start":{"line":19,"column":54},"end":{"line":19,"column":120}},"type":"binary-expr","locations":[{"start":{"line":19,"column":54},"end":{"line":19,"column":58}},{"start":{"line":19,"column":63},"end":{"line":19,"column":89}},{"start":{"line":19,"column":93},"end":{"line":19,"column":119}}],"line":19},"17":{"loc":{"start":{"line":21,"column":40},"end":{"line":21,"column":151}},"type":"if","locations":[{"start":{"line":21,"column":40},"end":{"line":21,"column":151}},{"start":{"line":21,"column":40},"end":{"line":21,"column":151}}],"line":21},"18":{"loc":{"start":{"line":23,"column":39},"end":{"line":23,"column":110}},"type":"if","locations":[{"start":{"line":23,"column":39},"end":{"line":23,"column":110}},{"start":{"line":23,"column":39},"end":{"line":23,"column":110}}],"line":23},"19":{"loc":{"start":{"line":23,"column":43},"end":{"line":23,"column":95}},"type":"binary-expr","locations":[{"start":{"line":23,"column":43},"end":{"line":23,"column":73}},{"start":{"line":23,"column":77},"end":{"line":23,"column":95}}],"line":23},"20":{"loc":{"start":{"line":23,"column":111},"end":{"line":23,"column":152}},"type":"if","locations":[{"start":{"line":23,"column":111},"end":{"line":23,"column":152}},{"start":{"line":23,"column":111},"end":{"line":23,"column":152}}],"line":23},"21":{"loc":{"start":{"line":23,"column":153},"end":{"line":23,"column":198}},"type":"if","locations":[{"start":{"line":23,"column":153},"end":{"line":23,"column":198}},{"start":{"line":23,"column":153},"end":{"line":23,"column":198}}],"line":23},"22":{"loc":{"start":{"line":25,"column":48},"end":{"line":25,"column":175}},"type":"cond-expr","locations":[{"start":{"line":25,"column":72},"end":{"line":25,"column":93}},{"start":{"line":25,"column":96},"end":{"line":25,"column":175}}],"line":25},"23":{"loc":{"start":{"line":25,"column":133},"end":{"line":25,"column":172}},"type":"binary-expr","locations":[{"start":{"line":25,"column":133},"end":{"line":25,"column":144}},{"start":{"line":25,"column":148},"end":{"line":25,"column":172}}],"line":25}},"s":{"0":1,"1":0,"2":0,"3":0,"4":0,"5":0,"6":0,"7":0,"8":0,"9":1,"10":1,"11":1,"12":1,"13":1,"14":1,"15":1,"16":1,"17":1,"18":0,"19":1,"20":1,"21":1,"22":1,"23":0,"24":1,"25":1,"26":1,"27":1,"28":0,"29":0,"30":1,"31":1,"32":1,"33":0,"34":0,"35":0,"36":0,"37":0,"38":0,"39":0,"40":0,"41":0,"42":0,"43":0,"44":0,"45":1,"46":0,"47":1,"48":0,"49":1,"50":1,"51":0,"52":0,"53":0,"54":0,"55":0,"56":0,"57":0,"58":1,"59":1,"60":1,"61":1,"62":0,"63":0,"64":1,"65":1,"66":1,"67":1,"68":1},"f":{"0":0,"1":0,"2":0,"3":0,"4":1,"5":1,"6":1,"7":1,"8":0,"9":1,"10":0,"11":0,"12":0,"13":1,"14":0,"15":0,"16":0,"17":1,"18":1,"19":0,"20":1},"b":{"0":[0,0],"1":[0,0],"2":[0,0],"3":[0,0,0,0],"4":[0,0],"5":[1,1],"6":[1,0],"7":[0,1],"8":[1,0],"9":[0,1],"10":[1,0],"11":[1,1],"12":[1,0],"13":[1,0],"14":[0,0],"15":[0,0],"16":[0,0,0],"17":[0,0],"18":[0,1],"19":[1,1],"20":[0,1],"21":[1,0],"22":[0,0],"23":[0,0]},"inputSourceMap":{"version":3,"sources":["classroom.js"],"names":["module","exports","sequelize","DataTypes","classroom","models","hasMany","student","foreignKey","as","Model","init","name","STRING","modelName"],"mappings":"AAAA;;AACA;;;;;;;;;;;;;;;;;;;;;;;;AACAA,MAAM,CAACC,OAAP,GAAiB,UAACC,SAAD,EAAYC,SAAZ,EAA0B;AAAA,MACjCC,SADiC;AAAA;;AAAA;;AAAA;AAAA;;AAAA;AAAA;;AAAA;AAAA;;AAEnC;;;;;AAFmC,gCAOlBC,MAPkB,EAOV;AACrBD,QAAAA,SAAS,CAACE,OAAV,CAAkBD,MAAM,CAACE,OAAzB,EAAkC;AAC9BC,UAAAA,UAAU,EAAE,SADkB;AAE9BC,UAAAA,EAAE,EAAE;AAF0B,SAAlC;AAIH;AAZkC;;AAAA;AAAA,IACfC,gBADe;;AAatC;AACDN,EAAAA,SAAS,CAACO,IAAV,CAAe;AACXC,IAAAA,IAAI,EAAET,SAAS,CAACU;AADL,GAAf,EAEG;AACCX,IAAAA,SAAS,EAATA,SADD;AAECY,IAAAA,SAAS,EAAE;AAFZ,GAFH;AAMA,SAAOV,SAAP;AACH,CArBD","sourceRoot":"C:\\studentMgmt\\CoursesManager\\models\\","sourcesContent":["'use strict';\r\nimport { Model } from 'sequelize';\r\nmodule.exports = (sequelize, DataTypes) => {\r\n    class classroom extends Model {\r\n        /**\r\n         * Helper method for defining associations.\r\n         * This method is not a part of Sequelize lifecycle.\r\n         * The `models/index` file will call this method automatically.\r\n         */\r\n        static associate(models) {\r\n            classroom.hasMany(models.student, {\r\n                foreignKey: 'classId',\r\n                as: 'student',\r\n            });\r\n        }\r\n    };\r\n    classroom.init({\r\n        name: DataTypes.STRING\r\n    }, {\r\n        sequelize,\r\n        modelName: 'classroom',\r\n    });\r\n    return classroom;\r\n};"]},"_coverageSchema":"1a1c01bbd47fc00a2c39e90264f33305004495a9","hash":"4cc9844a07197f38d4ce4c7c35840acbf2123445","contentHash":"700813b718bdf31280ad5cd030aaaed50657eb6ba39576001b942b0cd8ce45a6"},"C:\\studentMgmt\\CoursesManager\\models\\course.js":{"path":"C:\\studentMgmt\\CoursesManager\\models\\course.js","statementMap":{"0":{"start":{"line":3,"column":0},"end":{"line":22,"column":2}},"1":{"start":{"line":4,"column":15},"end":{"line":9,"column":4}},"2":{"start":{"line":21,"column":2},"end":{"line":21,"column":16}}},"fnMap":{"0":{"name":"(anonymous_0)","decl":{"start":{"line":3,"column":17},"end":{"line":3,"column":18}},"loc":{"start":{"line":3,"column":49},"end":{"line":22,"column":1}},"line":3}},"branchMap":{},"s":{"0":1,"1":1,"2":1},"f":{"0":1},"b":{},"inputSourceMap":{"version":3,"sources":["course.js"],"names":["module","exports","sequilize","DataTypes","course","define","name","STRING","content","genre","lecturerId","INTEGER"],"mappings":";;AAAAA,MAAM,CAACC,OAAP,GAAiB,UAACC,SAAD,EAAYC,SAAZ,EAA0B;AACvC,MAAMC,MAAM,GAAGF,SAAS,CAACG,MAAV,CAAiB,QAAjB,EAA2B;AACtCC,IAAAA,IAAI,EAAEH,SAAS,CAACI,MADsB;AAEtCC,IAAAA,OAAO,EAAEL,SAAS,CAACI,MAFmB;AAGtCE,IAAAA,KAAK,EAAEN,SAAS,CAACI,MAHqB;AAItCG,IAAAA,UAAU,EAAEP,SAAS,CAACQ;AAJgB,GAA3B,CAAf,CADuC,CAOvC;AACA;AACA;AACA;AACA;AACA;AACA;AACA;AACA;AACA;AACA;;AACA,SAAOP,MAAP;AACH,CAnBD,C,CAqBA;AACA;AACA;AACA;AACA;AACA;AACA;AACA;AACA;AACA;AACA;AACA;AACA;AACA;AACA;AACA;AACA;AACA;AAGA;AACA;AACA;AACA;AACA;AACA;AACA;AACA;AACA;AACA;AACA","sourceRoot":"C:\\studentMgmt\\CoursesManager\\models\\","sourcesContent":["module.exports = (sequilize, DataTypes) => {\r\n    const course = sequilize.define(\"course\", {\r\n        name: DataTypes.STRING,\r\n        content: DataTypes.STRING,\r\n        genre: DataTypes.STRING,\r\n        lecturerId: DataTypes.INTEGER\r\n    });\r\n    // course.association = models => {\r\n    //     course.belongsToMany(models.student, {\r\n    //         through: 'studentCourse',\r\n    //         as: 'students',\r\n    //         foreignKey: 'courseId'\r\n    //     });\r\n    //     course.belongsTo(models.lecturer, {\r\n    //         foreignKey: 'lecturerId',\r\n    //         as: 'lecturer'\r\n    //     });\r\n    // };\r\n    return course\r\n};\r\n\r\n// 'use strict';\r\n// const {\r\n//     Model\r\n// } = require('sequelize');\r\n// module.exports = (sequelize, DataTypes) => {\r\n//     class course extends Model {\r\n//         static associate(models) {\r\n//             course.belongsToMany(models.student, {\r\n//                 through: 'studentCourse',\r\n//                 as: 'students',\r\n//                 foreignKey: 'courseId'\r\n//             });\r\n//             course.belongsTo(models.lecturer, {\r\n//                 foreignKey: 'lecturerId',\r\n//                 as: 'lecturer'\r\n//             });\r\n//         }\r\n//     };\r\n\r\n\r\n//     course.init({\r\n//         name: DataTypes.STRING,\r\n//         content: DataTypes.STRING,\r\n//         genre: DataTypes.STRING,\r\n//         lecturerId: DataTypes.INTEGER\r\n//     }, {\r\n//         sequelize,\r\n//         modelName: 'course',\r\n//     });\r\n//     return course;\r\n// };"]},"_coverageSchema":"1a1c01bbd47fc00a2c39e90264f33305004495a9","hash":"1a67f570500478d9aaadfc224a8b9f6531bf6560","contentHash":"30711525804d5299df5a8f76f1353a44e1545699b5ea0bb08e5e5ad06d2a71d8"},"C:\\studentMgmt\\CoursesManager\\models\\lecturer.js":{"path":"C:\\studentMgmt\\CoursesManager\\models\\lecturer.js","statementMap":{"0":{"start":{"line":3,"column":17},"end":{"line":3,"column":37}},"1":{"start":{"line":5,"column":51},"end":{"line":5,"column":355}},"2":{"start":{"line":5,"column":126},"end":{"line":5,"column":181}},"3":{"start":{"line":5,"column":160},"end":{"line":5,"column":178}},"4":{"start":{"line":5,"column":191},"end":{"line":5,"column":353}},"5":{"start":{"line":5,"column":225},"end":{"line":5,"column":350}},"6":{"start":{"line":5,"column":356},"end":{"line":5,"column":376}},"7":{"start":{"line":7,"column":50},"end":{"line":7,"column":151}},"8":{"start":{"line":7,"column":92},"end":{"line":7,"column":149}},"9":{"start":{"line":9,"column":44},"end":{"line":9,"column":315}},"10":{"start":{"line":9,"column":57},"end":{"line":9,"column":58}},"11":{"start":{"line":9,"column":102},"end":{"line":9,"column":110}},"12":{"start":{"line":9,"column":112},"end":{"line":9,"column":167}},"13":{"start":{"line":9,"column":168},"end":{"line":9,"column":199}},"14":{"start":{"line":9,"column":200},"end":{"line":9,"column":254}},"15":{"start":{"line":9,"column":227},"end":{"line":9,"column":254}},"16":{"start":{"line":9,"column":255},"end":{"line":9,"column":313}},"17":{"start":{"line":11,"column":62},"end":{"line":11,"column":131}},"18":{"start":{"line":11,"column":78},"end":{"line":11,"column":131}},"19":{"start":{"line":11,"column":132},"end":{"line":11,"column":193}},"20":{"start":{"line":11,"column":149},"end":{"line":11,"column":193}},"21":{"start":{"line":11,"column":194},"end":{"line":11,"column":213}},"22":{"start":{"line":13,"column":43},"end":{"line":13,"column":182}},"23":{"start":{"line":13,"column":106},"end":{"line":13,"column":180}},"24":{"start":{"line":13,"column":183},"end":{"line":13,"column":328}},"25":{"start":{"line":13,"column":329},"end":{"line":13,"column":383}},"26":{"start":{"line":13,"column":345},"end":{"line":13,"column":383}},"27":{"start":{"line":15,"column":33},"end":{"line":15,"column":138}},"28":{"start":{"line":15,"column":109},"end":{"line":15,"column":125}},"29":{"start":{"line":15,"column":126},"end":{"line":15,"column":135}},"30":{"start":{"line":15,"column":139},"end":{"line":15,"column":168}},"31":{"start":{"line":17,"column":65},"end":{"line":17,"column":92}},"32":{"start":{"line":17,"column":94},"end":{"line":17,"column":423}},"33":{"start":{"line":17,"column":147},"end":{"line":17,"column":171}},"34":{"start":{"line":17,"column":181},"end":{"line":17,"column":371}},"35":{"start":{"line":17,"column":230},"end":{"line":17,"column":263}},"36":{"start":{"line":17,"column":265},"end":{"line":17,"column":321}},"37":{"start":{"line":17,"column":331},"end":{"line":17,"column":369}},"38":{"start":{"line":17,"column":372},"end":{"line":17,"column":420}},"39":{"start":{"line":19,"column":50},"end":{"line":19,"column":138}},"40":{"start":{"line":19,"column":124},"end":{"line":19,"column":136}},"41":{"start":{"line":19,"column":139},"end":{"line":19,"column":175}},"42":{"start":{"line":21,"column":40},"end":{"line":21,"column":151}},"43":{"start":{"line":21,"column":63},"end":{"line":21,"column":149}},"44":{"start":{"line":21,"column":152},"end":{"line":21,"column":164}},"45":{"start":{"line":23,"column":39},"end":{"line":23,"column":110}},"46":{"start":{"line":23,"column":97},"end":{"line":23,"column":110}},"47":{"start":{"line":23,"column":111},"end":{"line":23,"column":152}},"48":{"start":{"line":23,"column":139},"end":{"line":23,"column":152}},"49":{"start":{"line":23,"column":153},"end":{"line":23,"column":198}},"50":{"start":{"line":23,"column":186},"end":{"line":23,"column":198}},"51":{"start":{"line":23,"column":199},"end":{"line":23,"column":322}},"52":{"start":{"line":23,"column":205},"end":{"line":23,"column":279}},"53":{"start":{"line":23,"column":280},"end":{"line":23,"column":292}},"54":{"start":{"line":23,"column":307},"end":{"line":23,"column":320}},"55":{"start":{"line":25,"column":30},"end":{"line":25,"column":176}},"56":{"start":{"line":25,"column":126},"end":{"line":25,"column":173}},"57":{"start":{"line":25,"column":177},"end":{"line":25,"column":203}},"58":{"start":{"line":27,"column":0},"end":{"line":70,"column":2}},"59":{"start":{"line":28,"column":30},"end":{"line":55,"column":21}},"60":{"start":{"line":29,"column":4},"end":{"line":29,"column":32}},"61":{"start":{"line":31,"column":17},"end":{"line":31,"column":39}},"62":{"start":{"line":34,"column":6},"end":{"line":34,"column":38}},"63":{"start":{"line":36,"column":6},"end":{"line":36,"column":43}},"64":{"start":{"line":39,"column":4},"end":{"line":52,"column":8}},"65":{"start":{"line":54,"column":4},"end":{"line":54,"column":20}},"66":{"start":{"line":58,"column":2},"end":{"line":68,"column":5}},"67":{"start":{"line":69,"column":2},"end":{"line":69,"column":18}}},"fnMap":{"0":{"name":"_typeof","decl":{"start":{"line":5,"column":9},"end":{"line":5,"column":16}},"loc":{"start":{"line":5,"column":22},"end":{"line":5,"column":378}},"line":5},"1":{"name":"_typeof","decl":{"start":{"line":5,"column":145},"end":{"line":5,"column":152}},"loc":{"start":{"line":5,"column":158},"end":{"line":5,"column":180}},"line":5},"2":{"name":"_typeof","decl":{"start":{"line":5,"column":210},"end":{"line":5,"column":217}},"loc":{"start":{"line":5,"column":223},"end":{"line":5,"column":352}},"line":5},"3":{"name":"_classCallCheck","decl":{"start":{"line":7,"column":9},"end":{"line":7,"column":24}},"loc":{"start":{"line":7,"column":48},"end":{"line":7,"column":153}},"line":7},"4":{"name":"_defineProperties","decl":{"start":{"line":9,"column":9},"end":{"line":9,"column":26}},"loc":{"start":{"line":9,"column":42},"end":{"line":9,"column":317}},"line":9},"5":{"name":"_createClass","decl":{"start":{"line":11,"column":9},"end":{"line":11,"column":21}},"loc":{"start":{"line":11,"column":60},"end":{"line":11,"column":215}},"line":11},"6":{"name":"_inherits","decl":{"start":{"line":13,"column":9},"end":{"line":13,"column":18}},"loc":{"start":{"line":13,"column":41},"end":{"line":13,"column":385}},"line":13},"7":{"name":"_setPrototypeOf","decl":{"start":{"line":15,"column":9},"end":{"line":15,"column":24}},"loc":{"start":{"line":15,"column":31},"end":{"line":15,"column":170}},"line":15},"8":{"name":"_setPrototypeOf","decl":{"start":{"line":15,"column":85},"end":{"line":15,"column":100}},"loc":{"start":{"line":15,"column":107},"end":{"line":15,"column":137}},"line":15},"9":{"name":"_createSuper","decl":{"start":{"line":17,"column":9},"end":{"line":17,"column":21}},"loc":{"start":{"line":17,"column":31},"end":{"line":17,"column":425}},"line":17},"10":{"name":"_createSuperInternal","decl":{"start":{"line":17,"column":110},"end":{"line":17,"column":130}},"loc":{"start":{"line":17,"column":133},"end":{"line":17,"column":422}},"line":17},"11":{"name":"_possibleConstructorReturn","decl":{"start":{"line":19,"column":9},"end":{"line":19,"column":35}},"loc":{"start":{"line":19,"column":48},"end":{"line":19,"column":177}},"line":19},"12":{"name":"_assertThisInitialized","decl":{"start":{"line":21,"column":9},"end":{"line":21,"column":31}},"loc":{"start":{"line":21,"column":38},"end":{"line":21,"column":166}},"line":21},"13":{"name":"_isNativeReflectConstruct","decl":{"start":{"line":23,"column":9},"end":{"line":23,"column":34}},"loc":{"start":{"line":23,"column":37},"end":{"line":23,"column":324}},"line":23},"14":{"name":"(anonymous_14)","decl":{"start":{"line":23,"column":262},"end":{"line":23,"column":263}},"loc":{"start":{"line":23,"column":274},"end":{"line":23,"column":276}},"line":23},"15":{"name":"_getPrototypeOf","decl":{"start":{"line":25,"column":9},"end":{"line":25,"column":24}},"loc":{"start":{"line":25,"column":28},"end":{"line":25,"column":205}},"line":25},"16":{"name":"_getPrototypeOf","decl":{"start":{"line":25,"column":105},"end":{"line":25,"column":120}},"loc":{"start":{"line":25,"column":124},"end":{"line":25,"column":175}},"line":25},"17":{"name":"(anonymous_17)","decl":{"start":{"line":27,"column":17},"end":{"line":27,"column":18}},"loc":{"start":{"line":27,"column":49},"end":{"line":70,"column":1}},"line":27},"18":{"name":"(anonymous_18)","decl":{"start":{"line":28,"column":30},"end":{"line":28,"column":31}},"loc":{"start":{"line":28,"column":48},"end":{"line":55,"column":3}},"line":28},"19":{"name":"lecturer","decl":{"start":{"line":33,"column":13},"end":{"line":33,"column":21}},"loc":{"start":{"line":33,"column":24},"end":{"line":37,"column":5}},"line":33},"20":{"name":"associate","decl":{"start":{"line":47,"column":22},"end":{"line":47,"column":31}},"loc":{"start":{"line":47,"column":40},"end":{"line":51,"column":7}},"line":47}},"branchMap":{"0":{"loc":{"start":{"line":5,"column":51},"end":{"line":5,"column":355}},"type":"if","locations":[{"start":{"line":5,"column":51},"end":{"line":5,"column":355}},{"start":{"line":5,"column":51},"end":{"line":5,"column":355}}],"line":5},"1":{"loc":{"start":{"line":5,"column":55},"end":{"line":5,"column":122}},"type":"binary-expr","locations":[{"start":{"line":5,"column":55},"end":{"line":5,"column":83}},{"start":{"line":5,"column":87},"end":{"line":5,"column":122}}],"line":5},"2":{"loc":{"start":{"line":5,"column":232},"end":{"line":5,"column":349}},"type":"cond-expr","locations":[{"start":{"line":5,"column":328},"end":{"line":5,"column":336}},{"start":{"line":5,"column":339},"end":{"line":5,"column":349}}],"line":5},"3":{"loc":{"start":{"line":5,"column":232},"end":{"line":5,"column":325}},"type":"binary-expr","locations":[{"start":{"line":5,"column":232},"end":{"line":5,"column":235}},{"start":{"line":5,"column":239},"end":{"line":5,"column":267}},{"start":{"line":5,"column":271},"end":{"line":5,"column":297}},{"start":{"line":5,"column":301},"end":{"line":5,"column":325}}],"line":5},"4":{"loc":{"start":{"line":7,"column":50},"end":{"line":7,"column":151}},"type":"if","locations":[{"start":{"line":7,"column":50},"end":{"line":7,"column":151}},{"start":{"line":7,"column":50},"end":{"line":7,"column":151}}],"line":7},"5":{"loc":{"start":{"line":9,"column":136},"end":{"line":9,"column":166}},"type":"binary-expr","locations":[{"start":{"line":9,"column":136},"end":{"line":9,"column":157}},{"start":{"line":9,"column":161},"end":{"line":9,"column":166}}],"line":9},"6":{"loc":{"start":{"line":9,"column":200},"end":{"line":9,"column":254}},"type":"if","locations":[{"start":{"line":9,"column":200},"end":{"line":9,"column":254}},{"start":{"line":9,"column":200},"end":{"line":9,"column":254}}],"line":9},"7":{"loc":{"start":{"line":11,"column":62},"end":{"line":11,"column":131}},"type":"if","locations":[{"start":{"line":11,"column":62},"end":{"line":11,"column":131}},{"start":{"line":11,"column":62},"end":{"line":11,"column":131}}],"line":11},"8":{"loc":{"start":{"line":11,"column":132},"end":{"line":11,"column":193}},"type":"if","locations":[{"start":{"line":11,"column":132},"end":{"line":11,"column":193}},{"start":{"line":11,"column":132},"end":{"line":11,"column":193}}],"line":11},"9":{"loc":{"start":{"line":13,"column":43},"end":{"line":13,"column":182}},"type":"if","locations":[{"start":{"line":13,"column":43},"end":{"line":13,"column":182}},{"start":{"line":13,"column":43},"end":{"line":13,"column":182}}],"line":13},"10":{"loc":{"start":{"line":13,"column":47},"end":{"line":13,"column":102}},"type":"binary-expr","locations":[{"start":{"line":13,"column":47},"end":{"line":13,"column":79}},{"start":{"line":13,"column":83},"end":{"line":13,"column":102}}],"line":13},"11":{"loc":{"start":{"line":13,"column":218},"end":{"line":13,"column":252}},"type":"binary-expr","locations":[{"start":{"line":13,"column":218},"end":{"line":13,"column":228}},{"start":{"line":13,"column":232},"end":{"line":13,"column":252}}],"line":13},"12":{"loc":{"start":{"line":13,"column":329},"end":{"line":13,"column":383}},"type":"if","locations":[{"start":{"line":13,"column":329},"end":{"line":13,"column":383}},{"start":{"line":13,"column":329},"end":{"line":13,"column":383}}],"line":13},"13":{"loc":{"start":{"line":15,"co
[...]
\n             .findByPk(req.params.id)\r\n             .then((enroledCourse) => {\r\n                 if (!enroledCourse) {\r\n                     return res.status(404).send({\r\n                         message: 'Student is not enlored'\r\n                     })\r\n                 }\r\n                 res.status(200).send(enroledCourse)\r\n             })\r\n             .catch((error) => {\r\n                 console.log(error);\r\n                 res.status(400).send(error);\r\n             })\r\n     },\r\n     listOfEnroled(req, res) {\r\n         return enroledCourse\r\n             .findAll()\r\n             .then((enroledCourse) => res.status(200).send(enroledCourse))\r\n             .catch((error) => {\r\n                 console.log(error);\r\n                 res.status(404).send(error);\r\n             });\r\n     },\r\n }\r\n\r\n // // import student from '../models/student';\r\n // // import lecturer from '../models/lecturer';\r\n // // import course from '../models/course';\r\n\r\n\r\n // const student = require('../models').student;\r\n // const lecturer = require('../models').lecturer;\r\n // const course = require('../models').course;\r\n // const studentEnrol = require('../models').studentcourse;\r\n // const { courseValiation } = require('../middleware/courseValidate');\r\n\r\n // module.exports = {\r\n //     list(req, res, next) {\r\n //         return studentEnrol\r\n //             .findAll()\r\n //             .then((studentEnrol) => res.status(200).send(studentEnrol))\r\n //             .catch((error) => {\r\n //                 console.log(error);\r\n //                 res.status(404).send(error);\r\n //             });\r\n //     },\r\n //     getById(req, res, next) {\r\n //         return studentEnrol\r\n //             .findByPk(req.params.id)\r\n //             .then((studentEnrol) => {\r\n //                 if (!studentEnrol) {\r\n //                     return res.status(404).send({\r\n //                         message: 'Data Not Found',\r\n //                     });\r\n //                 }\r\n //                 return res.status(200).send(studentEnrol);\r\n //             })\r\n //             .catch((error) => {\r\n //                 console.log(error);\r\n //                 res.status(404).send(error);\r\n //             });\r\n //     },\r\n //     add(req, res, next) {\r\n //         return studentEnrol\r\n //             .create({\r\n //                 lecturerId: req.body.lecturerId,\r\n //                 courseId: req.body.courseId,\r\n //             })\r\n //             .then((studentEnrol) => res.status(201).send(studentEnrol))\r\n //             .catch((error) => res.status(400).send(error));\r\n //     },\r\n // };"]},"_coverageSchema":"1a1c01bbd47fc00a2c39e90264f33305004495a9","hash":"f6146a90d19f320787f39f6f9903cfbf3c4ef3c1","contentHash":"034a08a34e101a03889b8856a29e027cd395bfa6a45158bdb1ecf5f7451b003a"},"C:\\studentMgmt\\CoursesManager\\routes\\users.js":{"path":"C:\\studentMgmt\\CoursesManager\\routes\\users.js","statementMap":{"0":{"start":{"line":3,"column":14},"end":{"line":3,"column":32}},"1":{"start":{"line":5,"column":13},"end":{"line":5,"column":29}},"2":{"start":{"line":7,"column":21},"end":{"line":7,"column":52}},"3":{"start":{"line":9,"column":15},"end":{"line":9,"column":34}},"4":{"start":{"line":11,"column":0},"end":{"line":11,"column":36}},"5":{"start":{"line":13,"column":0},"end":{"line":15,"column":3}},"6":{"start":{"line":14,"column":2},"end":{"line":14,"column":38}},"7":{"start":{"line":16,"column":0},"end":{"line":18,"column":4}},"8":{"start":{"line":19,"column":0},"end":{"line":21,"column":26}},"9":{"start":{"line":22,"column":0},"end":{"line":22,"column":24}}},"fnMap":{"0":{"name":"(anonymous_0)","decl":{"start":{"line":13,"column":16},"end":{"line":13,"column":17}},"loc":{"start":{"line":13,"column":42},"end":{"line":15,"column":1}},"line":13}},"branchMap":{},"s":{"0":1,"1":1,"2":1,"3":1,"4":1,"5":1,"6":0,"7":1,"8":1,"9":1},"f":{"0":0},"b":{},"inputSourceMap":{"version":3,"sources":["users.js"],"names":["express","require","router","Router","userController","passport","get","req","res","next","send","authenticate","scope","failureRedirect","login","module","exports"],"mappings":";;AAAA,IAAMA,OAAO,GAAGC,OAAO,CAAC,SAAD,CAAvB;;AACA,IAAMC,MAAM,GAAGF,OAAO,CAACG,MAAR,EAAf;;AACA,IAAMC,cAAc,GAAGH,OAAO,CAAC,sBAAD,CAA9B;;AACA,IAAMI,QAAQ,GAAGJ,OAAO,CAAC,UAAD,CAAxB;;AACAA,OAAO,CAAC,0BAAD,CAAP;;AAEAC,MAAM,CAACI,GAAP,CAAW,GAAX,EAAgB,UAASC,GAAT,EAAcC,GAAd,EAAmBC,IAAnB,EAAyB;AACrCD,EAAAA,GAAG,CAACE,IAAJ,CAAS,yBAAT;AACH,CAFD;AAIAR,MAAM,CAACI,GAAP,CAAW,SAAX,EAAsBD,QAAQ,CAACM,YAAT,CAAsB,QAAtB,EAAgC;AAAEC,EAAAA,KAAK,EAAE,CAAC,SAAD,EAAY,OAAZ;AAAT,CAAhC,CAAtB;AACAV,MAAM,CAACI,GAAP,CAAW,QAAX,EAAqBD,QAAQ,CAACM,YAAT,CAAsB,QAAtB,EAAgC;AAAEE,EAAAA,eAAe,EAAE;AAAnB,CAAhC,CAArB,EAAsFT,cAAc,CAACU,KAArG;AAEAC,MAAM,CAACC,OAAP,GAAiBd,MAAjB","sourceRoot":"C:\\studentMgmt\\CoursesManager\\routes\\","sourcesContent":["const express = require('express');\r\nconst router = express.Router();\r\nconst userController = require('../controllers/users');\r\nconst passport = require('passport');\r\nrequire(\"../config/passport-setup\");\r\n\r\nrouter.get('/', function(req, res, next) {\r\n    res.send('respond with a resource');\r\n});\r\n\r\nrouter.get('/google', passport.authenticate('google', { scope: ['profile', 'email'] }));\r\nrouter.get('/login', passport.authenticate('google', { failureRedirect: '/failed' }), userController.login);\r\n\r\nmodule.exports = router;"]},"_coverageSchema":"1a1c01bbd47fc00a2c39e90264f33305004495a9","hash":"90d4c75336b4736fcfbf45cc2bef6116db9e7e9e","contentHash":"ec59d3ecdbe987ef29298a0d34fe02aaf512c51a705ee8613b5a644fc3b8e10b"},"C:\\studentMgmt\\CoursesManager\\controllers\\users.js":{"path":"C:\\studentMgmt\\CoursesManager\\controllers\\users.js","statementMap":{"0":{"start":{"line":3,"column":77},"end":{"line":3,"column":175}},"1":{"start":{"line":3,"column":94},"end":{"line":3,"column":107}},"2":{"start":{"line":3,"column":121},"end":{"line":3,"column":131}},"3":{"start":{"line":3,"column":151},"end":{"line":3,"column":165}},"4":{"start":{"line":3,"column":166},"end":{"line":3,"column":173}},"5":{"start":{"line":3,"column":176},"end":{"line":3,"column":263}},"6":{"start":{"line":3,"column":193},"end":{"line":3,"column":208}},"7":{"start":{"line":3,"column":218},"end":{"line":3,"column":261}},"8":{"start":{"line":5,"column":33},"end":{"line":5,"column":387}},"9":{"start":{"line":5,"column":65},"end":{"line":5,"column":69}},"10":{"start":{"line":5,"column":78},"end":{"line":5,"column":87}},"11":{"start":{"line":5,"column":89},"end":{"line":5,"column":384}},"12":{"start":{"line":5,"column":147},"end":{"line":5,"column":167}},"13":{"start":{"line":5,"column":193},"end":{"line":5,"column":264}},"14":{"start":{"line":5,"column":290},"end":{"line":5,"column":360}},"15":{"start":{"line":5,"column":363},"end":{"line":5,"column":380}},"16":{"start":{"line":7,"column":12},"end":{"line":7,"column":38}},"17":{"start":{"line":9,"column":15},"end":{"line":9,"column":48}},"18":{"start":{"line":10,"column":18},"end":{"line":10,"column":38}},"19":{"start":{"line":12,"column":25},"end":{"line":68,"column":3}},"20":{"start":{"line":13,"column":13},"end":{"line":63,"column":5}},"21":{"start":{"line":15,"column":4},"end":{"line":62,"column":33}},"22":{"start":{"line":16,"column":6},"end":{"line":61,"column":7}},"23":{"start":{"line":17,"column":8},"end":{"line":60,"column":9}},"24":{"start":{"line":19,"column":12},"end":{"line":19,"column":30}},"25":{"start":{"line":20,"column":12},"end":{"line":20,"column":41}},"26":{"start":{"line":21,"column":12},"end":{"line":21,"column":30}},"27":{"start":{"line":22,"column":12},"end":{"line":26,"column":15}},"28":{"start":{"line":29,"column":12},"end":{"line":29,"column":33}},"29":{"start":{"line":31,"column":12},"end":{"line":34,"column":13}},"30":{"start":{"line":32,"column":14},"end":{"line":32,"column":32}},"31":{"start":{"line":33,"column":14},"end":{"line":33,"column":20}},"32":{"start":{"line":36,"column":12},"end":{"line":38,"column":16}},"33":{"start":{"line":41,"column":12},"end":{"line":44,"column":15}},"34":{"start":{"line":45,"column":12},"end":{"line":48,"column":16}},"35":{"start":{"line":51,"column":12},"end":{"line":51,"column":31}},"36":{"start":{"line":52,"column":12},"end":{"line":52,"column":47}},"37":{"start":{"line":53,"column":12},"end":{"line":55,"column":16}},"38":{"start":{"line":59,"column":12},"end":{"line":59,"column":35}},"39":{"start":{"line":65,"column":2},"end":{"line":67,"column":4}},"40":{"start":{"line":66,"column":4},"end":{"line":66,"column":39}},"41":{"start":{"line":70,"column":0},"end":{"line":72,"column":2}}},"fnMap":{"0":{"name":"asyncGeneratorStep","decl":{"start":{"line":3,"column":9},"end":{"line":3,"column":27}},"loc":{"start":{"line":3,"column":75},"end":{"line":3,"column":265}},"line":3},"1":{"name":"_asyncToGenerator","decl":{"start":{"line":5,"column":9},"end":{"line":5,"column":26}},"loc":{"start":{"line":5,"column":31},"end":{"line":5,"column":389}},"line":5},"2":{"name":"(anonymous_2)","decl":{"start":{"line":5,"column":40},"end":{"line":5,"column":41}},"loc":{"start":{"line":5,"column":52},"end":{"line":5,"column":386}},"line":5},"3":{"name":"(anonymous_3)","decl":{"start":{"line":5,"column":108},"end":{"line":5,"column":109}},"loc":{"start":{"line":5,"column":135},"end":{"line":5,"column":382}},"line":5},"4":{"name":"_next","decl":{"start":{"line":5,"column":178},"end":{"line":5,"column":183}},"loc":{"start":{"line":5,"column":191},"end":{"line":5,"column":266}},"line":5},"5":{"name":"_throw","decl":{"start":{"line":5,"column":276},"end":{"line":5,"column":282}},"loc":{"start":{"line":5,"column":288},"end":{"line":5,"column":362}},"line":5},"6":{"name":"(anonymous_6)","decl":{"start":{"line":12,"column":25},"end":{"line":12,"column":26}},"loc":{"start":{"line":12,"column":37},"end":{"line":68,"column":1}},"line":12},"7":{"name":"_callee","decl":{"start":{"line":13,"column":78},"end":{"line":13,"column":85}},"loc":{"start":{"line":13,"column":96},"end":{"line":63,"column":3}},"line":13},"8":{"name":"_callee$","decl":{"start":{"line":15,"column":44},"end":{"line":15,"column":52}},"loc":{"start":{"line":15,"column":63},"end":{"line":62,"column":5}},"line":15},"9":{"name":"login","decl":{"start":{"line":65,"column":18},"end":{"line":65,"column":23}},"loc":{"start":{"line":65,"column":33},"end":{"line":67,"column":3}},"line":65}},"branchMap":{"0":{"loc":{"start":{"line":3,"column":176},"end":{"line":3,"column":263}},"type":"if","locations":[{"start":{"line":3,"column":176},"end":{"line":3,"column":263}},{"start":{"line":3,"column":176},"end":{"line":3,"column":263}}],"line":3},"1":{"loc":{"start":{"line":17,"column":8},"end":{"line":60,"column":9}},"type":"switch","locations":[{"start":{"line":18,"column":10},"end":{"line":26,"column":15}},{"start":{"line":28,"column":10},"end":{"line":38,"column":16}},{"start":{"line":40,"column":10},"end":{"line":48,"column":16}},{"start":{"line":50,"column":10},"end":{"line":55,"column":16}},{"start":{"line":57,"column":10},"end":{"line":57,"column":18}},{"start":{"line":58,"column":10},"end":{"line":59,"column":35}}],"line":17},"2":{"loc":{"start":{"line":31,"column":12},"end":{"line":34,"column":13}},"type":"if","locations":[{"start":{"line":31,"column":12},"end":{"line":34,"column":13}},{"start":{"line":31,"column":12},"end":{"line":34,"column":13}}],"line":31}},"s":{"0":0,"1":0,"2":0,"3":0,"4":0,"5":0,"6":0,"7":0,"8":1,"9":0,"10":0,"11":0,"12":0,"13":0,"14":0,"15":0,"16":1,"17":1,"18":1,"19":1,"20":1,"21":0,"22":0,"23":0,"24":0,"25":0,"26":0,"27":0,"28":0,"29":0,"30":0,"31":0,"32":0,"33":0,"34":0,"35":0,"36":0,"37":0,"38":0,"39":1,"40":0,"41":1},"f":{"0":0,"1":1,"2":0,"3":0,"4":0,"5":0,"6":1,"7":0,"8":0,"9":0},"b":{"0":[0,0],"1":[0,0,0,0,0,0],"2":[0,0]},"inputSourceMap":{"version":3,"sources":["users.js"],"names":["users","require","Users","assignToken","login","req","res","email","user","_json","findOne","where","status","json","error","token","userName","name","message","module","exports"],"mappings":";;;;;;AAAA,IAAMA,KAAK,GAAGC,OAAO,CAAC,WAAD,CAAP,CAAqBC,KAAnC;;eACwBD,OAAO,CAAC,wBAAD,C;IAAvBE,W,YAAAA,W;;AAER,IAAMC,KAAK;AAAA,qEAAG,iBAAOC,GAAP,EAAYC,GAAZ;AAAA;AAAA;AAAA;AAAA;AAAA;AAAA;AAEEC,YAAAA,KAFF,GAEYF,GAAG,CAACG,IAAJ,CAASC,KAFrB,CAEEF,KAFF;AAAA;AAAA,mBAGaP,KAAK,CAACU,OAAN,CAAc;AAAEC,cAAAA,KAAK,EAAE;AAAEJ,gBAAAA,KAAK,EAAEA;AAAT;AAAT,aAAd,CAHb;;AAAA;AAGAC,YAAAA,IAHA;;AAAA,gBAIDA,IAJC;AAAA;AAAA;AAAA;;AAAA,6CAIcF,GAAG,CAACM,MAAJ,CAAW,GAAX,EAAgBC,IAAhB,CAAqB;AAAEC,cAAAA,KAAK,EAAE;AAAT,aAArB,CAJd;;AAAA;AAKAC,YAAAA,KALA,GAKQZ,WAAW,CAAC;AAAEa,cAAAA,QAAQ,EAAER,IAAI,CAACS,IAAjB;AAAuBV,cAAAA,KAAK,EAAEC,IAAI,CAACD;AAAnC,aAAD,CALnB;AAAA,6CAMCD,GAAG,CAACM,MAAJ,CAAW,GAAX,EAAgBC,IAAhB,CAAqB;AAAEK,cAAAA,OAAO,EAAE,yBAAX;AAAsCH,cAAAA,KAAK,EAALA;AAAtC,aAArB,CAND;;AAAA;AAAA;AAAA;AAAA,6CAQCT,GAAG,CAACM,MAAJ,CAAW,GAAX,EAAgBC,IAAhB,CAAqB;AAAEC,cAAAA,KAAK,EAAE,YAAMI;AAAf,aAArB,CARD;;AAAA;AAAA;AAAA;AAAA;AAAA;AAAA;AAAA,GAAH;;AAAA,kBAALd,KAAK;AAAA;AAAA;AAAA,GAAX;;AAYAe,MAAM,CAACC,OAAP,GAAiB;AACbhB,EAAAA,KAAK,EAALA;AADa,CAAjB","sourceRoot":"C:\\studentMgmt\\CoursesManager\\controllers\\","sourcesContent":["const users = require('../models').Users;\r\nconst { assignToken } = require(\"../helpers/assignToken\");\r\n\r\nconst login = async (req, res) => {\r\n    try {\r\n        const { email } = req.user._json;\r\n        const user = await users.findOne({ where: { email: email } });\r\n        if (!user) { return res.status(404).json({ error: \"user is not registered!\" }) }\r\n        const token = assignToken({ userName: user.name, email: user.email });\r\n        return res.status(200).json({ message: \"successfully logged in!\", token });\r\n    } catch (error) {\r\n        return res.status(500).json({ error: error.message })\r\n    }\r\n}\r\n\r\nmodule.exports = {\r\n    login\r\n}\r\n"]},"_coverageSchema":"1a1c01bbd47fc00a2c39e90264f33305004495a9","hash":"0547433412743866b6cba59c42ff4e10e8d25860","contentHash":"b0b6e5c64c329e934037bbb301028295c26460aff0a623d497360896ad16695d"},"C:\\studentMgmt\\CoursesManager\\helpers\\assignToken.js":{"path":"C:\\studentMgmt\\CoursesManager\\helpers\\assignToken.js","statementMap":{"0":{"start":{"line":3,"column":0},"end":{"line":5,"column":3}},"1":{"start":{"line":6,"column":0},"end":{"line":6,"column":29}},"2":{"start":{"line":8,"column":20},"end":{"line":8,"column":67}},"3":{"start":{"line":10,"column":14},"end":{"line":10,"column":55}},"4":{"start":{"line":12,"column":39},"end":{"line":12,"column":95}},"5":{"start":{"line":14,"column":0},"end":{"line":14,"column":28}},"6":{"start":{"line":16,"column":18},"end":{"line":20,"column":1}},"7":{"start":{"line":17,"column":2},"end":{"line":19,"column":5}},"8":{"start":{"line":22,"column":0},"end":{"line":22,"column":34}}},"fnMap":{"0":{"name":"_interopRequireDefault","decl":{"start":{"line":12,"column":9},"end":{"line":12,"column":31}},"loc":{"start":{"line":12,"column":37},"end":{"line":12,"column":97}},"line":12},"1":{"name":"assignToken","decl":{"start":{"line":16,"column":27},"end":{"line":16,"column":38}},"loc":{"start":{"line":16,"column":45},"end":{"line":20,"column":1}},"line":16}},"branchMap":{"0":{"loc":{"start":{"line":12,"column":46},"end":{"line":12,"column":94}},"type":"cond-expr","locations":[{"start":{"line":12,"column":70},"end":{"line":12,"column":73}},{"start":{"line":12,"column":76},"end":{"line":12,"column":94}}],"line":12},"1":{"loc":{"start":{"line":12,"column":46},"end":{"line":12,"column":67}},"type":"binary-expr","locations":[{"start":{"line":12,"column":46},"end":{"line":12,"column":49}},{"start":{"line":12,"column":53},"end":{"line":12,"column":67}}],"line":12}},"s":{"0":1,"1":1,"2":1,"3":1,"4":2,"5":1,"6":1,"7":0,"8":1},"f":{"0":2,"1":0},"b":{"0":[0,2],"1":[2,2]},"inputSourceMap":{"version":3,"sources":["assignToken.js"],"names":["dotenv","config","assignToken","data","jwt","sign","process","env","SECRET_KEY","expiresIn"],"mappings":";;;;;;;AAAA;;AACA;;;;AAEAA,mBAAOC,MAAP;;AAEO,IAAMC,WAAW,GAAG,SAAdA,WAAc,CAACC,IAAD;AAAA,SAAUC,yBAAIC,IAAJ,CAASF,IAAT,EAAeG,OAAO,CAACC,GAAR,CAAYC,UAA3B,EAAuC;AACxEC,IAAAA,SAAS,EAAE;AAD6D,GAAvC,CAAV;AAAA,CAApB","sourceRoot":"C:\\studentMgmt\\CoursesManager\\helpers\\","sourcesContent":["import jwt from \"jsonwebtoken\";\r\nimport dotenv from \"dotenv\";\r\n\r\ndotenv.config();\r\n\r\nexport const assignToken = (data) => jwt.sign(data, process.env.SECRET_KEY, {\r\n    expiresIn: \"1d\"\r\n});\r\n"]},"_coverageSchema":"1a1c01bbd47fc00a2c39e90264f33305004495a9","hash":"0e76c5ad2e6d157052c1bebcb37776994f330d2a","contentHash":"2d6d576d92252c432f4d4f623d7b7d71c66f4b74d32b7f6a17510ad358b522da"},"C:\\studentMgmt\\CoursesManager\\config\\passport-setup.js":{"path":"C:\\studentMgmt\\CoursesManager\\config\\passport-setup.js","statementMap":{"0":{"start":{"line":3,"column":15},"end":{"line":3,"column":34}},"1":{"start":{"line":5,"column":21},"end":{"line":5,"column":64}},"2":{"start":{"line":7,"column":0},"end":{"line":7,"column":27}},"3":{"start":{"line":9,"column":0},"end":{"line":11,"column":3}},"4":{"start":{"line":10,"column":2},"end":{"line":10,"column":19}},"5":{"start":{"line":12,"column":0},"end":{"line":14,"column":3}},"6":{"start":{"line":13,"column":2},"end":{"line":13,"column":19}},"7":{"start":{"line":15,"column":0},"end":{"line":21,"column":4}},"8":{"start":{"line":20,"column":2},"end":{"line":20,"column":29}}},"fnMap":{"0":{"name":"(anonymous_0)","decl":{"start":{"line":9,"column":23},"end":{"line":9,"column":24}},"loc":{"start":{"line":9,"column":45},"end":{"line":11,"column":1}},"line":9},"1":{"name":"(anonymous_1)","decl":{"start":{"line":12,"column":25},"end":{"line":12,"column":26}},"loc":{"start":{"line":12,"column":47},"end":{"line":14,"column":1}},"line":12},"2":{"name":"(anonymous_2)","decl":{"start":{"line":19,"column":3},"end":{"line":19,"column":4}},"loc":{"start":{"line":19,"column":55},"end":{"line":21,"column":1}},"line":19}},"branchMap":{},"s":{"0":1,"1":1,"2":1,"3":1,"4":0,"5":1,"6":0,"7":1,"8":0},"f":{"0":0,"1":0,"2":0},"b":{},"inputSourceMap":{"version":3,"sources":["passport-setup.js"],"names":["passport","require","GoogleStrategy","Strategy","config","serializeUser","user","done","deserializeUser","use","clientID","process","env","CLIENT_ID","clientSecret","CLIENT_SECRET","callbackURL","accessToken","refreshToken","profile"],"mappings":";;AAAA,IAAMA,QAAQ,GAAGC,OAAO,CAAC,UAAD,CAAxB;;AACA,IAAMC,cAAc,GAAGD,OAAO,CAAC,yBAAD,CAAP,CAAmCE,QAA1D;;AACAF,OAAO,CAAC,QAAD,CAAP,CAAkBG,MAAlB;;AAEAJ,QAAQ,CAACK,aAAT,CAAuB,UAAUC,IAAV,EAAgBC,IAAhB,EAAsB;AACzCA,EAAAA,IAAI,CAAC,IAAD,EAAOD,IAAP,CAAJ;AACH,CAFD;AAIAN,QAAQ,CAACQ,eAAT,CAAyB,UAAUF,IAAV,EAAgBC,IAAhB,EAAsB;AAC3CA,EAAAA,IAAI,CAAC,IAAD,EAAOD,IAAP,CAAJ;AACH,CAFD;AAIAN,QAAQ,CAACS,GAAT,CAAa,IAAIP,cAAJ,CAAmB;AAC5BQ,EAAAA,QAAQ,EAAEC,OAAO,CAACC,GAAR,CAAYC,SADM;AAE5BC,EAAAA,YAAY,EAAEH,OAAO,CAACC,GAAR,CAAYG,aAFE;AAG5BC,EAAAA,WAAW,EAAE;AAHe,CAAnB,EAKT,UAAUC,WAAV,EAAuBC,YAAvB,EAAqCC,OAArC,EAA8CZ,IAA9C,EAAoD;AAChD,SAAOA,IAAI,CAAC,IAAD,EAAOY,OAAP,CAAX;AACH,CAPQ,CAAb","sourceRoot":"C:\\studentMgmt\\CoursesManager\\config\\","sourcesContent":["const passport = require('passport');\r\nconst GoogleStrategy = require('passport-google-oauth20').Strategy;\r\nrequire(\"dotenv\").config();\r\n\r\npassport.serializeUser(function (user, done) {\r\n    done(null, user);\r\n});\r\n\r\npassport.deserializeUser(function (user, done) {\r\n    done(null, user);\r\n});\r\n\r\npassport.use(new GoogleStrategy({\r\n    clientID: process.env.CLIENT_ID,\r\n    clientSecret: process.env.CLIENT_SECRET,\r\n    callbackURL: \"http://localhost:3000/users/login\"\r\n},\r\n    function (accessToken, refreshToken, profile, done) {\r\n        return done(null, profile);\r\n    }\r\n));\r\n"]},"_coverageSchema":"1a1c01bbd47fc00a2c39e90264f33305004495a9","hash":"47fe7eca2195c03ada2bce173f201e30db8f2b71","contentHash":"77a1a57f25bf55f499e8ebc13c283c365a79fb1e45b1599922a03e27efb0227d"}}